000때문
000만
002초만
00때문
00시즌
00천국
025mg
03Mbps
0410국수
04개
05월
063배
06시
071배
073배
08개
08년
08년도
092배
0몇초
0원
0원요금제
0콤보
10000동
10000원
1000X
1000XM3
1000기가
1000만원
1000엔
1000원
100개
100그램
100년
100만달러
100만명
100만원
100명
100억원
100원
100일
100정
100타석
100플
1033억원
10600U
106억원LG
1080p
1080p면
108주차
10T
10kg
10mm
10tb
10가지
10개
10개월
10년
10년동안
10년만
10년물
10년전
10대
10대초반
10대후반
10만8천원
10만대
10만원
10만원돈
10명
10몇년
10몇만원
10번
10분
10분동안
10분정
10불선
10살
10살때
10시
10시간
10시렵
10시선착순
10원
10원한장
10월
10위
10일
10점
10조원
10주기
10키
10킬
10편
10평
10프
111명
112km
112배
114만원
116조
1180원
118억7200만원
119000원
11900원
11년
11년차
11만9천던간
11명
11번
11살정
11시
11시반
11원
11월
11월즈음
11위
11인치
11일
11편
12000원내다
1200원
1207호
121억9천80만원
12200원
128GB
128기
128기가
12LhTgkRqJY4K5jg2Wo7J9ZZnxJoTDpvinBitcoin
12개
12개사
12개월
12년
12년전
12마디
12만원
12면
12명
12분만
12분전
12세
12시
12시30분
12시간
12월
12위
12장정
12차전
12편
12회
133배
137만원
13개
13년
13리터
13만원
13위
13일
13장
13편
13회
14000명
1400명
140건
140만
140만원
140억3천970만원
1416만
14API
14T
14kg
14명
14시간전
14위
14일
14장정
14편
15000동
1500원
1504쪽
150km
150달러
150일
1510엔
151시간
1530억원
1538원
154억3천330만원
15GB
15W급
15개월
15리터
15만
15만대
15만원
15명
15배
15배랑
15분
15분안
15분정
15시간만
15위
15인치
15일
15주년
15편
15평
16000원때
1600만
160만원
160만원정
1629만
16강전
16개원
16곳
16기
16기가
16년
16만
16만원고민중
16명
16미리
16부작
16분기
16살
16시간
16시간전
16위
16일
16차례
16키
16편
171배
17개
17년
17년도
17분
17살
17위
17인치
17인치랑
17일
17편
17평정
18010원
180만원
184개
18776표
1887년
18개월
18기
18년
18만원
18민주운동
18살
18시간
18위
18일
18일만
18차
18키
18편
18회
1903업데이트
190명
1911억
1960년대
1970년
1976년
1978년
1982년
1984년
1986년
1987년
1988년
1993년
1995년
1996년
1997년도
1998년
1999년
19금
19기
19년
19번
19살
19세
19세기
19위
19일
19일때
19조8600억원
19편
1HDM
1L
1Q84
1TB
1개
1개월
1골
1구
1기
1년
1년내
1년도
1년동안
1년차
1년후
1단계
1달
1당
1당독재
1도
1도움
1등
1마일
1만142원
1만7864원
1만원
1면
1명
1박2일
1번
1번뿐
1보
1봉지
1부
1분
1분기
1사정
1살
1세대
1순위
1시
1시15분
1시간
1시간전
1심
1악장
1안
1야당
1억
1억5천만달러
1억8500만원
1엑
1엔
1월
1위
1인
1인가구
1일
1일자
1저
1주일
1주차
1줄
1차전
1천13명
1천777억원
1천800만원
1천원
1초
1충
1키로대것
1테
1편
1편보
1표
1학년
1항
1화
1회
1회보단
1회차
20000mAh
2000년대
2000마일
2000만명
2001년
2001명
2002년
2003년
2004년
2004년식
2005년
2005년도
2006년
2006년작
2007년도
2008년
2009년
200d
200kb무제
200kb무제한
200mm
200도
200만명
200명정
200조원
200포인트면
2010년
2011년
2012년
2013년
2014년
2015년
2016년
2017년
2018년
2019년
2019회계연
2020년
2021년
2022년
2025년
2030은층
2050년
206만원
20KG단위
20TFLOPS
20kg
20mm
20개국
20기
20년
20년동안
20년전
20대
20도
20도내외
20만명
20만원
20명중
20분
20불
20세
20세기
20억
20억달러
20위
20인
20일
20주년
20초
20편
20평
20회
211배
213만원
21개
21개월
21살
21세기
21시간전
21일
21편
22만원
22억8700만원
22일
22편
2332억원
23기
23일
23일자
23편
2400원
240GB
248억원
249명
24mm
24p
24개월상
24만원
24미리
24시
24시간
24일
24종
24편
2500원
250GB
250만달러
2511명
256GB
256억
25W
25년
25달러
25만5천원
25배
25번
25분
25억달러이상
25인치
25일
25주년
25편
25프
2600억원
263억원
2656조
2684억3900만원
26일
274억원
2764억원
278엔입
27만원
27억불
27인치
27일
2800원
282개
28일
2985억원
29년
29일
29일자
2D
2Rx8
2k
2m
2가닥
2가지
2개
2개박스
2개월
2개월간
2개정
2경기
2곳
2기
2년
2년7개월
2년구
2년동
2년뒤
2년만
2년전
2년차
2단계
2대
2도
2만3744명
2만9587명
2만원
2만유
2명
2명에비
2배
2번
2번꼭지
2보
2보루
2부
2분
2분기
2살
2세대
2승
2시
2시간
2시간뒤
2시간전
2시간정
2악장
2안
2억
2억횡령70대목사집유
2영화
2월
2위
2인
2일
2일정
2일차
2장
2점차
2조
2조3천694억원
2조이상
2주
2주동안
2주정
2주차
2줄
2중대
2진법
2쪽
2차
2차대전때
2차매체
2차세계대전
2차전
2천
2천만원
2천원
2초
2층
2키
2탄jpg
2편
2편글
2할3푼
2합판소문연개소문
2화
2회
2회차
30000원jpg
3000만
3000만원
3000엔
3000원
300곡
300년
300억
30100원
30km
30mm
30w
30w충전기
30개
30개정
30권
30년
30대
30대여자
30도
30마넌이상
30만대
30만원
30분
30분ㄷㄷㄷㄷ
30분간
30분전
30분정
30분팀
30억원
30일
30주년
30중반
30차례
30퍼대
30평대
30포인트리
30회
31개
31년
31살
31일
31일자
32만원
32비트
32주년
33000원
330ml
33도
3400mAh
3450대
34개보
34만5천원
34살
34억정도
34차전
3500원
353억원
3570k
35년
35도
35조
3600만원
360p
360캠
360투어
36400원
365일
365홈
36만원
36분전
36시간
37개
37년
3800x
384억9천788만원
3873명
38살
38세
3900X
39개
39살
3D
3DS
3M
3d
3dgif
3ds
3d음장
3가량
3가지
3가지나
3가지맛
3가지음
3개
3개월
3개월만
3골
3곳
3군
3기
3기수
3남매
3년
3년이하
3년전
3년차
3단계
3당
3대
3대관변단체
3대장
3도
3등
3마리
3만
3만원
3명
3물론
3방금전
3배
3번
3부
3분
3분정도
3선
3세
3세계
3세대
3세미나실
3시
3시간
3시간전
3시즌
3안
3월식
3위
3인
3인jpg
3일
3일동안
3일만
3일후
3자
3잔
3점
3점슛
3조원
3주
3주간
3주정
3줄
3차례
3차원
3차전
3천8백원인
3천만원
3천명
3천원
3천원수준
3쿼터
3키
3편
3핏
3학년
3호선
4000엔
400개
400엔
4044원
40개월
40대
40만원
40분
40분간
40분동안
40분쯤
40억5천900만원
40조
40초만
40파운드
41개
41조
420경기도지사
42대
42만원
42분전
42위
4335원
44만
450000원
4500mAh
4500개정
4542명
45W
45도
45만
45분
4648조
46만원
46만원에어컨
46회
47토요일
49000원
4900원
4900원이랑
4990엔
49만원
49불
49인치
4D
4GB
4K
4K영상
4g
4k
4k블루레
4가족
4강
4개
4개건
4경기
4골
4구
4군대
4급
4기
4기수
4기통
4년
4년동안
4당
4대
4대보험
4마리
4만원
4면
4명
4박
4박5일
4번
4분기
4살
4시
4시30분모든것
4시간
4시간전
4시반
4억
4월
4월달
4월말
4위
4이동진
4인조
4일
4일만
4장
4점
4조
4주
4차원
4천원
4캔
4컷
4쿼터
4편
4호기
5000만원
5000원
500ml
500만원
500만원인상후
500미리
500배
500억
500원
500페이지
504명
50m
50mm
50가지
50대
50만
50만원
50보내줄터
50분
50억원
50주년
50플
51000원
5100Pro
512기
518관련
51명
540억
5450대
548개
54만원
5500원
55Sv
55억7천540만원
5600명
5678기준
57K
57개원
58세
58인치라
59000원대
59억9200만원
5G
5KG
5g
5kg
5mm
5개
5년
5년내
5마
5만
5만4천
5만원
5만원할
5명
5번
5부작
5분
5분거리
5분더
5분안
5살
5세대
5시
5시간
5시만
5시사
5알
5억대
5월
5월30
5월달
5위
5일
5일부
5잔
5점
5조
5조원
5종류
5주차
5지
5천
5천대
5천만원
5천억이상
5천엔
5천원
5천원어치
5천이
5키
5편
5핀
5호선
5화
6000원
600kg이상
600만명
609만
60f
60km
60개월
60권
60년
60대
60만원
60불
60살
60일
628인치
62년
63광년
63일
64기가
64회
6500만
65만원
65세
663일
66400원
675인치
67회
680원
68곳
68시간
69종
6Sv
6k
6개
6개월
6개월만
6급
6기통
6년
6년만
6단계
6만9천엔
6만원
6명
6살
6세
6세대
6시
6시간전
6월
6월6일
6월8일
6월달
6월하순첫방송
6위
6인
6일
6점차
6조9000억
6천원
6편
6할
7000광년떨어진독수리
7000엔
7000원
700mb
70대
70만원
70세
71명
720p
72시간
7500원
750만
750불
750억원
75세
76452원
7700km
78000원
79000원
79만원
7m
7개
7개월
7급공무원
7년
7년만
7년전
7단독
7도
7만원
7배기사
7백만
7번
7번정
7살
7시간
7시전
7억불
7월
7위
7일
7정돈
7차
7천
7천원
7턴
7편
7플
7할중후반대
80211ax
80km
80년대
80대초
80만원
80시간
81명
82권
82년
83건
84062원
845이상급
84인줄
8500원
856원
86키
887만
8900대중
89년도
8GB
8RC
8강
8개
8개월무렵
8건
8기
8기가
8기가램
8년
8단계
8만원
8만키로탄
8명
8반
8분
8분정
8살
8시
8월
8위
8일
8전우치
8점
8점차
8천원
8편
8할5푼이
900GB
900엔
90개
90년
90년대
90마일
9148원
919억원
93개
950km
95만원
979억원
98T
98년
9900k
9951원
99만원
9if
9개
9개월내
9개월내글로벌경기침체
9만원
9분
9불
9살
9세대
9세대CPU
9시
9월
9월4일
9위
9일
9일자
9천원
9편
9할대
A220
A330
AP통신
AS10
ASD나
A경장
A기자
A씨
B1
B450M
Best공감글
Big3
B기자
B사
B씨
C224호
C4
CBS노컷뉴스
CCTV경제
CF2ide
CG면
CG제작
CG퀄리티
CG팀
CG파트
CG회사
CJ꺼
CJ꺼만
CJ만만세
CNBC방송
CNB뉴스
C타입
Dx손해보험
EU롬
EU식
E클래스
F1
F18
FA50
FC아우크스부르크
Fallout등
G4560
G7
G8
G80
GPS기록
GPU랜더링
GPU서버
GetLyrics2
HT1
IP010
IP랑
IP주소
IR추가
K3
K480
K7
K9
KBS2
KT임원
Kx다이렉트
L3
LCD한
LG그룹
LG디스플레이
LG선
LG유플러스
LG전자
LG화학
LTE모드
M2
M6
MCU코스믹
MNP전출시
MRI의료
MX관
N9
N970
N975
NAS1dual
N모
OB베어스
OLED랩탑을출시
OS일텐
PC3
PC방
PD1
PS4
PS63
PX이용
QCY랑
R3
R5
R7
RX100
S10
S340
S3BF
S60
S7엣지
S8
SF물
SF틱
SK그룹
SSD사용
S그룹
S펜플러스
T1
T1C
T3
TOP100JPG
TOP7
TV관전
TV수준
T플랜
U2
U2com
U2팬카페
UC어바
UQ한번
USB익스퍼트
US여자오픈
V30
V40
V50
V60
WWDC군
Wordsdat64
X570메인보드
XX병신
X시
X자
Y2K
YTN의뢰
Yu로
Z01
Z4
as10
bip백라이트
cpu쿨러
dew91
dn8
es100
e지
f4
fact체크
feat아이폰XI
feat이재용
feat차관급
feat화상
g7
i10
i3
i5
i50
i60
iOS13
ios12
ios13도
ipx7등급
k3동호회건
kal기
kb은행
kb증권
kg표시
mbc뉴스데스크
mp3
ms스토어
mx250
new1
new해외
p241
p242
p2p
pass인증
project곳
ps2
ps4
rtx2070
s10
sata3
sata베이
ssd이용
s펜
t1s
tbs라디오
tls13
tv판
u3000
u3000참
v50
w1
windows10
x3000
x7
xe등
xh57
x테일
young나리
ㄱ씨는려견
ㄱ자
ㄴㄴ
ㄷㄷ
ㄷㄷㄷ
ㄷㄷㄷㄷ
ㄷㄷㄷㄷㄷ
ㄷㄷㄷㄷㄷㄷ
ㄷㄷㄷㄷㄷㄷㄷ
ㄷㄷㄷㄷㄷㄷㄷㄷ
ㄷㄷㄷㄷㄷㄷㄷㄷㄷㄷ
ㄷㄷㄷㄷㄷㄷㄷㄷㄷㄷㄷ
ㄷㄷㄷㄷㄷㄷㄷㄷㄷㄷㄷㄷㄷㄸ
ㄸㄷ
ㅁㄱ
ㅁㄱ하
ㅁㄷ사건
ㅁㅁ
ㅂㄷㅂㄷ
ㅅㄲ
ㅅㅅ
ㅆㄴㅁ색
ㅆㄹㄱㄷ
ㅆㅂ
ㅇㅁㅇ
ㅇㅅ
ㅇㅅㅇ
ㅇㅇ
ㅇㅈ할
ㅇ결론
ㅈ된
ㅈ망
ㅊㅈ가
ㅋㅋ
ㅎㄷ
ㅎㄷㄷ
ㅎㄷㄷㄷ
ㅎㄷㄷㄷㄷ
ㅎㄸ
ㅎㅎ
ㅎㅎㅎ
ㅎㅎㅎㅎ
ㅎㅎ문제
ㅓㅜgif
ㅓㅜㅑ
ㅗㅜgif
ㅜㅠ
ㅠㅜ
ㅠㅠ
ㅠㅠㅠ
ㅠㅠㅠㅠ
ㅠㅠㅠㅠㅠ
ㅣ생
가게
가격
가격대
가격대비
가격변동
가격오
가격일
가격정
가격표
가공
가공도구
가공식품
가공품
가관다
가구
가구타입
가기전
가까이
가난
가늠
가능
가능거
가능것
가능데
가능해
가닥
가담
가동
가동중단
가동중단환경
가동후
가드레일
가든파티
가디언
가래떡
가량
가로등
가로수길
가루
가루약
가맥집
가맹점
가메라
가면
가문
가뭄
가방
가본
가부장
가브리엘라
가사
가사도우미
가산디지털단지
가상
가설
가성비
가세
가소콜
가속
가솔린
가수
가수분
가스
가슴
가습기
가시
가시광선
가아이때문
가역
가온차트
가운데
가을
가을바람
가이드북
가입
가입국
가입유형
가입자
가입창구
가입햇습
가자
가장
가장자리
가전
가전견
가전제품
가정
가정부
가정주부
가족
가족공유
가족공유도안열
가족나이
가족사기단
가족애
가족영화
가족요금제
가족이
가족전체
가죽
가중
가지
가지마
가진분
가진자
가진자들중
가짓수
가짜
가짜뉴스
가짜뉴스jpg
가짜메일
가채
가치
가치관
가칭
가타부타
가해차량
각각
각고
각광
각국
각도
각본
각부처
각색
각성
각오
각인
각입
각자
각종
각종범물
각종음장
각지
각질
간격
간김
간단
간마늘
간만
간밤
간보
간부
간섭
간수
간수치
간식
간장
간장게장일보
간장계란후라이밥
간적
간접
간접봉사
간주
간지
간파
간판
간호사
갈구
갈굴
갈기
갈등
갈등관리
갈라파고스화
갈메기4
갈메기살
갈비
갈비집
갈사람
갈색
갈수
갈포드
감가상각
감각
감기
감기때문
감기몸살치료
감당
감당만
감도
감도안
감독
감독관
감독대행
감동
감미료
감사
감사결과
감사관
감사인사
감사자료
감사하
감사하빈닷
감상
감상평
감성
감성자극
감성팔
감소
감수
감시
감시초소
감안
감압식
감염
감옥
감옥생활
감옥학원
감자
감자맛
감정
감정이입
감지
감촉
감칩
감탄
감흥
갑질
갑질근절
갑회사
갓겜jpg
갓든갓
갓멸
갓세븐
갓자친구
갓탈리아
강간
강간미수
강간미수남
강간범
강경
강경화
강남
강남N워
강남구
강남블루보틀
강남역
강남점
강단
강대환
강도
강릉
강림
강물
강민9
강박
강사
강소현
강속구
강수량
강스포
강스포주
강심장
강아gif
강아지
강아지아후
강압
강약
강약조절
강연
강연자
강요
강요것
강원
강원도
강윤성
강음
강의
강의내용
강의때문
강자
강제
강제노동
강제노역형
강조
강타
강풍
강행
강화
강화기사
강효상
강효상의원
갖은
개갑분
개개인
개고
개구리
개그
개꿀
개꿀잼
개념
개랑
개런티
개망
개무섭
개미
개발
개발자
개방
개별
개별이용자
개봉
개봉관
개봉박
개봉일도아직
개봉작
개봉전
개봉전날
개뿔
개선
개선것
개성공단
개소리
개수
개수작
개신교
개연
개원
개원것
개월
개월수
개인
개인건강관리
개인기
개인돈
개인사업자
개인정보
개인채무
개입
개장
개정안
개짜증
개차반결국
개체수
개최
개통
개팅
개팅jpg
개팅어
개판
개편
개편안
개편안맥주
개포동
개헌
개혁
객관
갠드크랩
갠적
갤10
갤S10
갤러리
갤럭시
갤럭시S10
갤럭시s10
갤럭시노트
갤럭시노트10
갤럭시버즈
갤럭시북
갤럭시탭S4
갤럭시폴드
갤럭핏
갤북
갤칠지
갤탭S4
갬성
갯수
갱신햇습
걔내
거ㅎㅎ
거기
거대
거대담론
거래
거래내역
거래액
거래자분
거래처
거론
거론자
거리
거리감
거리낌
거리랑
거묜
거부
거부감
거북이
거셀수
거수
거수기
거실
거액
거야
거야살얼음
거울
거울도
거인
거임
거장
거절
거제
거죠ㅋ대한외국인
거주지역
거지
거지떼
거진
거짓
거짓말
거짓말사람
거참
거처
거침
거품
걱정
걱정거리
걱정만큼
건강
건강검진
건강관리
건강진
건거
건국대
건너편
건담
건더기
건데기
건락
건립
건물
건물주
건설
건수
건재
건재확
건재확인
건조
건조기
건줄
건지
건축
건축가
걸그룹
걸떠나비윤리
걸래취급
걸레
걸레기
걸레짓
걸릴확률
걸음걸
걸음걸이
걸작
걸출
걸캅스
걸크러시
검법남녀S2
검사
검사결과
검사그쪽
검사장
검사장급
검사한번
검색
검색법
검색순위
검색어
검역
검역관
검역본부
검역질문서
검열등
검은상자
검은색
검정
검증
검진
검찰
검찰간부
검찰개혁
검찰청장
검찰총장
검찰총장설
검찰총장후보추천위원장
검찰출신
검출
검토
것gif
것때문
것지
것한국
겉절이
게결정
게글
게노
게다
게른질병
게시
게시글
게시일
게시판
게요
게이
게이머
게이밍
게임
게임계
게임듯
게임때문
게임모드
게임불감증
게임시스템
게임위
게임이
게임장애
게임중
게임중독
게임쪽
게임판
게임폰
게재
게좌
겔겔거림
겨를
겨울
겨울방학동안
겨울잠
겨울잠jpg
격리
격발행위
격변
격주
격차
격투중
견물생심
견인
견적
견제
견줄
견해
결과
결과동명
결과물
결과자료
결국
결근
결단
결렬
결례
결론
결론이재용
결말
결번
결변
결승
결승전
결승행
결심
결심공판
결심듯
결의안
결정
결정체
결제
결제건
결제시
결제시도2번
결집
결집력
결탁
결함
결합
결합상품
결합유형
결혼
결혼박람회
결혼소식
결혼순서
결혼식
결혼안
결혼얘기
결혼유무
결혼전
결혼조아
결혼후
겸비
경계
경고
경고등
경고음
경기
경기교육청
경기도
경기도교육청
경기도전역적용
경기력
경기지역화폐
경기침체
경남
경력
경력직
경례
경로
경멸
경보
경북
경비아저씨
경비원
경사
경상도
경솔
경수
경시
경시대회
경악
경영
경영자
경우
경우군
경우엔
경유
경쟁
경쟁사
경쟁상대
경쟁자
경제
경제30분팀
경제난
경제대국
경제대전환
경제대전환위원회
경제력
경제문제
경제성장
경제여건
경제정책
경제정책이슈
경제특구
경제학과
경제학자
경제협력개발기구
경제활동
경제활성
경조사
경주
경찰
경찰관
경찰관서
경찰대
경찰대학
경찰서장
경찰수사착수
경찰차
경찰청
경찰청장
경찰총경
경품
경품고시
경품금액
경품액
경품한도
경합
경향
경향신문
경험
경험담
경험덕분
경험신
경험자
경험자분
경험치던전
계급
계급구조
계급문제
계급배반
계급사회
계급상승
계급투쟁
계기
계단
계단올
계란
계륵
계산
계산기
계산법
계속
계속협박요
계승
계시나
계시나유
계신분
계실
계실터
계약
계약기간
계약서
계약직
계약터
계열
계열사
계열사간
계절
계정
계정당
계정파고
계좌
계측
계측기
계층
계층간
계획
계획살
계획살인
계획이
계획중
고1
고2학생
고EU떠나결례
고RPM등등
고개
고객
고객상담접수것
고객센터
고검장급
고고
고구마
고급
고기
고기뷔페
고기집
고깃집
고노
고노다
고대
고도
고등학교
고등학교때
고등학생
고등학생때
고등학생일때애
고딩때
고라이온
고려
고려대
고려항공
고령
고르
고리
고릴라
고메
고무
고무고무
고물
고물상
고민
고민끝
고민이
고민줄
고민중
고발
고발건
고발뉴스
고발수
고백
고사니즘
고생
고석정
고소
고소드립
고소장
고속
고속도로
고속인터넷
고속철
고스트
고시공부
고시반
고시제
고심
고안
고양이
고양이youtube
고양이때문
고양이앞
고양이용
고어
고요
고용
고용인
고위
고위공무원
고위법관
고위직
고유
고의
고인
고인물
고인물분
고장
고장나기
고전
고전영화
고정
고정비용
고조
고조선
고증
고증오류
고지
고지라
고지라랑
고질
고질jpg
고질라
고질라vs콩
고질병
고집
고착
고척돔
고추
고침
고통
고품격
고프로
고항
고향
고향가기
고혈
곡성
곡소리
곡창
곤란
곤볼
골격
골든
골든스테이트
골든타
골든타임
골라이
골라이온
골목상권
골스
골스가
골스팬
골아웃
골자
골절상
골치
골키퍼
골키퍼는
곱곱배기
곱등
곱등이
곱배
곱배기
곱배기글
곳jpg
곳ㄷㄷ
곳나
곳이
공간
공감
공감게
공감능력제로
공감대
공개
공개6
공개jpg
공개안한
공개토론내용
공격
공격력
공고
공고문
공공기관
공공산후조리원
공공장소
공관
공구
공군
공급
공급계약
공급관
공급약관
공급업체
공급질서
공기
공기관
공기청정기
공기흐름
공냉
공당
공돌이
공동
공동묘지
공동보조
공동소유
공동연구팀
공동주관
공동체
공략
공룡
공룡찡
공멸
공명정
공무수행
공무원
공문
공범
공보실
공부
공분
공사
공사비
공사사진
공사장
공산
공산당
공산품
공생
공성전
공손찬
공시
공식
공식석상
공식입장
공식행사
공신력
공안검사
공약
공연
공연장
공영방송
공원
공유
공유경제
공유기
공유수
공융
공익
공익txt
공익제도
공익제보
공인센터
공임
공자사원
공작
공작금
공작원
공장
공적기능
공전것
공정
공정거래위원회
공정위거래위원장
공제
공존
공주
공중파
공지
공지글
공직선거법
공진음
공짜
공짜증정
공찬
공천
공청기
공청회
공촌정수장
공터
공통
공통점
공판
공평
공평듯
공포
공포감
공포영화
공포혐오선동
공표
공학
공학기술
공항
공항버스
공항편의점
공홈
공화국
공화당
공황장애
공휴일
과거
과금
과도
과목
과민성대장증후군
과민증
과반
과불화합물
과세
과소평가
과속
과실
과실비율
과압
과업
과연무인양품제조
과외
과외교사
과외교습
과일
과일맛
과일소주
과잉
과잉수사
과자
과장
과정
과제
과체중
과태료
과포집
과학
과학기술
과학기술연구원
과학자
관객
관객석
관객수320만
관계
관계자
관광
관광객
관광버스
관광지
관념
관람
관람가
관람객
관람기
관람후
관련
관련것
관련글
관련내용
관련단체
관련법령
관련자
관련팁
관례
관례깨고
관로
관로교체
관료
관리
관리기술
관리자
관리직
관리체계
관상
관세
관세전쟁
관심
관심가
관심할수
관악구신림동소재
관여
관우
관장
관점
관종
관중
관찰
관청
관측
관통
관통는100일
관할
관행
광경화
광고
광고글
광고마지막
광고모델
광고선전비
광공업
광광우럭jpg
광기
광수
광어
광어회
광역기
광역수사대
광역시장
광우병
광주
광택
광화문
괴물
괴물들
괴변
괴사
괴수
괴수영화
괴식
괴에에에엥장
굉음
교관속
교도소
교란
교란행위자
교복
교사
교수
교양학부
교용
교육
교육세
교육수준
교육자리
교육청
교육할인
교인
교정
교조
교차
교체
교통
교통방송
교통비
교통카드
교통카드기능
교통현황
교향곡
교환
교환한적
교회
교회가자
교회돈
교회재산
교훈
구간
구강건강상태
구강건강의식
구강세척기
구걸
구걸러
구걸액
구게
구게시판
구경
구경가것
구관조
구글
구글링
구글홈
구글홈미니
구내식
구내식당
구단
구도
구도심
구독
구독료
구독서비스
구독제
구독제면
구동
구두
구라
구런
구렁텅이
구료
구름
구름위
구린
구매
구매등
구매라
구매뿜
구매시
구매확정
구매후
구멍
구버전
구분
구분수
구비
구석
구설
구성
구성방식
구성원
구세주
구속
구속ㄷㄷㄷ
구속영장
구식
구심점
구역
구원
구이바다
구입
구입것
구입당시
구입때
구입완료
구자철
구장
구조
구조물
구조지시랑
구종
구차
구천
구청
구청서류
구체
구축
구충약
구충제
구토
구현
구형
구호
구호물품
구호복구
구획
국가
국가jpg
국가관
국가기간뉴스통신사
국가기간통신사
국가보안법
국가보안법위반
국가안보
국가재정
국가정보원
국가정보원장
국경
국군
국군통수권자
국군통수체계
국기
국내
국내1편
국내X
국내맥주
국내맥주간
국내산
국내시청
국내업체
국내카드
국내택배
국내판
국도
국딩때
국력
국립대학교
국립산림과학원
국무원
국무위원장
국무총리
국무총리실
국물
국민
국민건강보험공단
국민소환제
국민신문고
국민연금
국민웰빙
국민의당
국민일보
국민청원
국민카드
국방
국방부
국방부장
국방장관
국보법
국빈
국뽕주의자
국산
국외
국정
국정동력
국정수행
국정원
국정원장
국제
국제배송
국제부
국제사회
국제수지
국제시장
국제자본
국제학술지
국제행사
국채시장
국책연구기관
국토교통부
국토부
국화
국화와촛불
국회
국회나
국회의원
국회의원중
군단
군대
군문제
군부
군부대
군부시절
군사
군사기술
군사력
군사정권
군생활
군수
군예술선전공연
군요ㄷㄷㄷ
군인
군인가족예술소조경연
군인가족예술조조경연
군주
군침
군통수권자
군포시
군함
굳엔딩
굴복
굶은적
굿나잇
굿초이스
궁금
궁금증
궁금한점
궁리
권고
권고안
권력
권력관계
권력기반
권력때문
권리금
권리당원
권선징악
권성동
권수현
권영혜
권위
권창훈
권한이
귀가
귀걸이
귀결
귀공
귀국
귀납
귀마개
귀멸
귀신
귀신.멜론
귀요미
귀운거
귀족
귀족사회
귀차니즘ㅋㅋ
귀촌
귀하
귀한줄
귀환
규격
규명
규모
규정
규제
규제개혁
규제등등
규칙
규탄
균등
균일
균형
그가
그간
그거
그것
그것때문
그것정말
그곳
그날
그남자
그냥모
그냥콜라
그녀
그녀석
그놈
그누보드
그늘
그다음
그당사람
그돌
그동안
그뒤
그딴
그때
그뜻
그라마폰
그랑프리
그랑프리중
그래프
그래픽
그랜드스타렉스
그랜트
그램17
그런
그런거
그런글
그런느낌
그런일
그런지
그런팀
그룹
그룹방
그룹원
그리드
그리스
그린
그린라이트
그린스쿨대학원
그린팬
그림
그림자
그림체
그맛
그바
그바이러스
그밖
그병원
그분
그상태
그생각
그소리
그와중
그외
그이후
그저께
그전
그점
그정
그정도
그제
그중
그지
그짓
그짓것
그쪽
그해
그후
극단
극대
극대기
극도
극명
극명avi
극복
극복것
극성
극성팬
극소수
극악
극우
극우망언
극우코드
극장
극중
극치
극한
근거
근거자료
근대
근래
근로기준법
근로자
근무
근본
근세
근세부부
근시일
근심
근육돌
근육통
근전화
근절
근처
근황
근황gisa
근황jpg
근황txt
글jpg
글것
글귀
글래스고
글로벌
글로벌페이
글리제710
글쓴
글쓴이
글씨
글올림
글자
금강일보
금나
금리
금새록
금성
금수저
금액
금액한도
금오공대
금요일
금요일날
금융
금융감독원
금융버블
금융상담
금융시장
금융위기
금융장관
금의환향
금일
금전
금주
금지
금지군
금토일
금품
금품편취
급감
급락
급락세
급변
급부
급부상
급속
급속충전
급여
급여통장
급증
급파
급해
긍정
긍정평가
기가빗
기각
기간
기간동안
기거
기것
기계
기계볼
기계식
기계촉수
기공
기관
기구
기구jpg
기금
기기
기내
기념
기념공연때
기념공원
기능
기대
기대감
기대것
기대작
기대차
기도
기독교나라
기독민주
기둘
기둥
기득
기득권
기때문
기똥
기량
기레
기레기
기레기꺼
기레기끼리
기력증
기록
기름
기름값
기마병
기말
기미
기민
기민당대표
기밀
기반
기반일것
기발넘
기발놈
기법
기본
기본료
기본빵
기본쿨러
기부
기부금
기부금영수증
기부금품
기부금품법
기부단체
기부안할
기부인
기분
기쁨
기사
기사당
기사도
기사분
기사입력
기사제목
기사줄
기상
기상시간
기상청
기색
기생
기생세력
기생충
기생충가난
기생충강스포
기생충서
기생충이
기세
기소
기수
기숙사
기술
기술력
기아
기아차
기압
기억
기억력
기업
기업임원
기업전체
기업집단
기여
기온
기우
기우쪽
기운
기원
기입
기자
기자간담회
기자분
기자협회
기자회견
기장
기재
기재부
기적
기전
기전엔개소리
기절
기정
기정이
기조
기조실장
기조연설
기조연설자
기존
기존작
기종간
기준
기증
기증자
기차역
기초
기침
기타
기타실력
기타주류
기택
기택이
기택하층민
기포
기형아
기형아검사
기호
기회
기회듯
기회주의자
기획
기획조정실장
기후
기후변
긴급
긴머리
긴아
긴장
긴장감
길거리
길고양이
길냥이
길레
길막
길이
길터
김건모
김경수
김광림
김구
김규리
김기우
김기정
김기춘
김기태
김기훈
김대리
김래원
김레온
김무성JP9
김밥
김밥두줄
김밥천국
김보배
김상조
김새론
김성
김성주
김성태
김성태씨
김성혜
김수미
김신웅
김애란jpg
김애란씨
김어준
김연아
김영철
김영현
김용만
김용장씨
김원석
김의성
김일성
김재경
김재한
김정
김정은
김종빈
김종화
김준영
김준영jpg
김준영씨
김준한
김지하
김진하
김치
김치랑
김치찌개
김태
김태우
김포
김해공항
김해천안
김혁철
김현미
김현섭
김현수
김현아
김홍표
깃발
깊이
까까
까닭
까똑
까점
까페
깐마늘
깔때
깜방
깜빡
깡촌
깨달음
깨똑
깨시민인척
깨알
깽판
꺄악
꺄핳
껍데기
꼬리
꼬리고소
꼬마
꼬이꼬이
꼬투리
꼭대기
꼭지
꼭한번
꼰대
꼴기
꼴지
꽁트
꽃잎
꽉곳
꾀병
꾸사리
꿀기능
꿀맛
꿀빠것
꿀잼
꿀잼각
꿀팁jpg
끈이
끝맛
끝물
끝판왕
끼니
끼니때
끼도부
끼드
나ㄷㄷㄷㄷㄷㄷ
나ㅎㅎ
나경원
나꼼수
나네
나는점
나땅줄
나때
나라
나락
나랏말싸미
나랑드
나래이션
나르샤
나름
나리
나머지
나머지검사
나무
나물
나발
나베
나베상
나보신적
나비족
나수
나스
나신후
나여사
나올때
나요
나우이것
나우이엘
나위
나이
나이드
나이드신
나이들
나이때
나이먹
나이스
나이키
나이트워치
나인형거
나잇
나중
나찌
나코
나타
나하공항
나흘
낙낙
낙방
낙수효과
낙원상가
낙지
낙타때
낙폭
낚시
낚시가
낚시간
낚시게임
낚시터
낚이지세
난간
난국임
난동
난리
난리난리
난무
난민
난민이슈
난민혐오
난분
난사
난이
난장판
난점점
난주
날38만원
날개
날거
날것
날때
날레스
날벼락
날씨
날씨jpg
날씨예보
날이
날짜
남감
남궁연자
남궁현자
남극
남녀
남녀차별
남동해상
남문철
남반구판
남발
남부
남부순환
남부지방
남부지역
남북
남북정상
남북회담
남빛나라
남서부
남성
남성노숙자
남성분
남성이페미니즘
남성혐오
남순
남아공
남아프리카
남양
남양제품
남윤인순
남의
남자
남자jpg
남자vs여자
남자분
남자애
남자친구
남조선일보
남주
남짓
남짓입
남쪽
남친
남편
남학생
남해
남해상
남해안
남혐vs여혐
남혐여
남혐여혐
납득
납부
납부세액
납치
납품
낭낭
낭독회
낭만
낭비
낭패
낮잠
낮잠이불
낮잠자
내과
내구
내년
내년도
내륙
내륙쪽
내리막길
내릴터
내미랑
내부
내블로그
내비게이션
내빈관
내셔널
내수
내시경
내심
내역
내외
내용
내용물
내원
내일
내일중
내자식
내장
내장카메라
내재
내정
내정설
낸적
낼름
냄새
냄새가
냇가
냉각수
냉동
냉동피자
냉면
냉면때
냉면집
냉방
냉방기기
냉방비
냉소주의
냉수
냉장고
냉정
너거
너구리
너네
너무국뽕
너정
너희
넘1
넘버
넝담
넝담지
넣돈
네?기사
네덜란드
네델란드
네레스
네번
네베스
네살
네소베리
네스프레소
네시
네여ㅠ
네영
네요ㄷㄷ
네요ㅎㅎ
네요ㅠ
네요ㅠㅠ
네이놈
네이밍
네이버
네이버웹툰
네이버페이
네이션스리그
네이처
네이처커뮤니케이션즈
네이트판
네이페이
네즈코
네티즌
네플릭스지
네허허
넷플렉스
넷플릭스
녀석
녀수
년놈
년차
노가다
노경진
노골
노년
노노
노답
노동
노동당
노동부
노동시간
노동위원회
노동자
노란색치즈
노래
노래방
노래야오늘
노런
노력
노력것
노릇
노무현
노무현대통령
노발대
노벨
노벨재단
노병
노병3
노브랜드
노빠꾸상남자
노산
노선
노숙자
노스포
노심
노심초사
노역
노예
노예계층
노예근
노예사회
노오력
노이즈
노이즈캔슬링
노이협상
노인
노인냄새
노인분
노점상
노조
노조파괴
노출
노치
노치때문
노카페인
노키아
노통
노트
노트101
노트3
노트8
노트북
노티
노하우
노화
노획
노후경유차
노후자금
노히트
녹때문
녹말
녹색
녹색당
녹음
녹취파일
녹화
녹화본
논란
논란jpg
논란인
논리
논문
논문심사
논술
논외
논의
논의news
논의전
논쟁
논쟁때
놀gif
놀때
놀란스
놀람
놀람주의
놀이기구
놀이터
놀이터만
놋북
농가
농가분
농구
농구재미
농단
농담
농림축산검역본부
농무부
농사
농수산
농수산물
농어회
농업
농업경제학과
농장
농촌
농협
농협쿨러
농협회원조합
뇌수술
뇌안탈
뇌전증
뇌피셜
누구
누구간
누구누
누군
누나
누님
누락
누리
누명
누수
누적
누진
누진구
누진구간
누진단계
누진제
누출
눈높이
눈동자
눈매
눈물
눈빛
눈시울
눈썹
눈앞
눈엣가시
눈웃음
눈쪽
눈치
눈치게임
눈팅
뉘앙스
뉴덱
뉴비임당
뉴스
뉴스1
뉴스가MBC
뉴스공장
뉴스룸
뉴스메이크
뉴스보
뉴스소비패턴
뉴스타파
뉴스통신진흥
뉴스투데
뉴시스
뉴욕
뉴욕타임즈
뉴욕행
뉴질랜드
뉴질랜드달러
뉴질랜드인
느거
느낀적
느낀점
느낌
느낌정도
느마
느바
늑대
는6일
는경우
는동안
는듯한
는법jpg
는사람
는식
는지인
는한
늘아침
늘자믿거인사이트
능가
능력
능력자분
늬우
니ㅠㅠㅠ
니니gif
니다
니슨도gif
니시시라카와
니시시라카와군
니콘
니트로
니트로ㅠ
닌이상
닌텐
닐로바
님버스
다x줌
다ㅎ
다가포
다낭
다뉴브
다뉴브강
다능
다닐때
다님
다담주
다도면
다따
다른
다른곳
다른날
다른달
다른분
다른사람
다른쪽
다른쪽눈
다른한명
다름메뉴
다리
다리털
다보스
다비드
다빈치
다생각
다섯
다소아
다손
다송
다송이
다수
다스
다스뵈
다스뵈이
다시
다시번
다시한
다시한번
다식
다양
다운
다운로드
다음
다음날
다음뉴스
다음달
다음시즌
다음주
다음턴
다음편
다음해
다이나믹
다이나킹
다이빙
다이소
다이어트
다이얼
다이제
다이크
다익손
다자
다중닉
다중독자죠
다짐
다초점
다큐
다크나이트
다크피닉스
다통끼
다행
다행걸
다현
다혜
단결
단계
단교
단군
단기
단대
단독
단독주택
단둘
단련
단말기
단말기유통구조개선법
단맛
단면
단박
단속
단순
단순가성비고
단식
단어
단어라것
단위
단일안
단자
단적
단적비연수나
단점
단종
단지
단체
단체행동
단초점
단추
단축
단축키
단침입
단통법
단통법전
단품
달간
달기
달달
달러화
달러화가치
달성
달착륙선
닭ㄹㅎ
닭꼬치
닭꼬치랑
담날
담달
담당
담당의사
담당자
담배
담벼락
담보대출
담임
담임선생
담주
답글
답변
답변자
답장
당구
당국
당국자
당군
당근
당뇨합병증
당대표
당명
당부
당브레이커
당비
당사자
당상
당선
당시
당신
당일
당일기
당일날
당장
당정청
당직
당직자
당첨
당첨것
당첨자
당첨자분
당첨포기
당초
당췌
당해산
당혹
당황
대가
대격돌
대공개
대관령
대구
대구FC
대국민
대금지급영수증
대급
대기
대기인원
대기자
대기중
대꾸
대나무
대낮
대내
대다수
대답
대답것
대대
대대적
대대적숙청
대등
대란때
대란정용기
대량
대로
대륙
대륙외노자
대리
대리운전
대리점
대림동
대립
대마
대만
대만드라마
대면
대목
대문
대물
대미
대박
대박날것
대박일
대법관분
대변
대변인
대본
대부분
대북
대비
대사
대사관
대상
대상자
대선
대선배
대선주
대선주자
대선토
대세
대세상승
대쉬
대시보드
대신
대안
대안FDP
대안당
대왕카스테
대외
대용
대우
대응
대응방식
대응방안
대응책
대인
대인사
대입
대작
대장금
대장내시경
대장정
대전
대접
대조
대주주
대중
대중교통
대중교통타것
대참사
대책
대처
대체
대체기
대체제
대체편
대출
대충만수
대칭
대탈출
대통
대통령
대통령선거
대통령쇼
대통령역활
대파
대폭소
대표
대표이사분
대표집값
대피소
대학
대학교
대학교수
대학내
대학로
대학신입
대학원
대한국내
대한극장
대한민국
대한민국jpg
대한민국재향군인회
대한애국당
대한외국
대한유화
대한의사협회
대한항공
대항
대항조치
대항조치임
대행
대형
대형악기
대화
대화씬
대화홍준표
대회
대흑벽
댄공
댓글
댓글jpg
댓글txt
댓글공작
댓글공작원
댓글부대
댓글설전
댓글작업팀
댓글학원
댓수
댕강
댕댕이
댕청
더300
더란ㄷㄷㄷㄷ
더민
더불어민주당
더블샷
더블팀
더빙
더선데이타임스
더심
더웨더채널
더위
더한거
덕gif
덕력
덕률
덕분
덕주
던김영철
던전
던킨도너츠
던킨커피
덜미
덤ㅜ
덩어리
덩치
데메모리
데모
데미지
데뷔
데뷔앨범
데생
데쉐
데스
데스크
데스크톱
데이
데이먼
데이터
데이터쉐어링
데이트
데일리안
데적응
데탑
데탑대
덱스터
덴돈
덴마크데니쉬
델꼬
델텐
도곡동삼성래미안아파트
도교육청
도구
도끼
도나우강
도내
도널드
도네
도달
도달것
도덕
도데체
도도돈파
도둑
도로
도로공사
도로위
도루크막토
도르래
도르레
도르트문트
도리
도마뱀jpg
도마위
도망
도매가격
도메인
도모
도미덮밥맛
도민
도박
도박위원회
도박장
도배
도버
도보
도삭
도삭면
도삭면jpgif
도서정가
도시
도시어부
도심
도약
도어
도어대시
도어락
도어락비밀번호
도올선생
도요코인호텔
도용
도우기
도우미
도움
도움거
도유코토
도이체
도입
도입등
도입부랑
도자기
도전
도전칼집
도주
도중
도지
도지사
도착
도착햇
도쿄
도쿄신문
도트
도파
독거남
독립
독립영화
독버섯
독사gif
독서실
독설
독소루비신
독소물질
독식
독일
독일녹색당
독일모델
독일음식
독일인
독일처자
독자
독재
독점
독점법
독제
독특
돈가스
돈것
돈대신
돈던전
돈마블
돈맛
돈번
돈번거
돈벌이
돈엄니
돈주
돌덩어리
돌덩이
돌된
돌멍이
돌발영상
돌변
돌진
돌파
돌파jpg
돌풍
돗데마트
돗데씨마
돗자리
동감
동갑내기
동건
동구
동구을
동국대
동글
동기
동기등
동남아
동내병원
동네
동네맛집
동네방네
동네북
동료
동맹
동문
동물
동물원
동반
동방
동부
동부지방
동부화재
동사무소
동산처분
동상
동생
동생카드
동서게임
동서네
동서네낙지
동선
동성애
동성애자
동성애자혐
동시
동시촬영
동심과
동아
동아리
동안
동안인
동양
동양jpg
동업자정신
동영상
동영상교육
동요
동원F
동유럽
동의
동익
동일
동일보
동정
동정심
동조
동참하실
동해
동해남부
동해안
동향
동호회
동화책
돼지
돼지고기
돼지안
돼지전문가
돼지코
되새질
되풀이
된장
두가족
두가지
두개
두건
두곳
두께
두뇌
두눈
두달
두달전
두려움
두면
두명
두바
두번
두분
두사람
두산
두살
두살정
두살터
두시간
두시간정도
두자리수
두정거장
두줄소감
두캔
두큰두
두통
두피
두피보호제
둘둘
둘째
둘표정
둥지
뒤NSA
뒤생각안
뒤쪽
뒤탈
뒤편
뒷말
뒷머리
뒷면
뒷목
뒷받침
뒷변
뒷자리
듀란트
듀얼
듀얼스린
듀얼스크린
듀오
드곤볼슈퍼이전
드다
드라
드라마
드라마계
드라마네
드라마중독
드라마쪽
드라이버
드라이브
드래
드래곤
드래곤Z
드래곤볼
드래곤볼GT
드래곤볼드래곤Z
드래곤볼카이
드림
드림카
드립
드백
드생각
득뎀
득점
득템한기분
득표
득표수
든생각
들국화
들때
들워용
들통
듯이
등갈비
등그
등극
등급
등등
등등등
등로검색
등록
등목
등산복
등용
등원
등자
등장
등재
등짝
등차수열
등판
디도스
디렉토리
디렘
디리링
디비젼2
디스커넥트
디스크
디스크때문
디스플레이
디스플레이라성능대비
디씨
디아2
디자이너
디자인
디자인jpg
디젤
디졸브
디종
디즈니때문
디즈니랜드
디지
디지털
디지털소통센터장
디지털아이디어
디지털판
디터
디테일
딕션
딕션아
딜러
딜러사
딜레마
딥슬
딩크
따님
따불
따위
딴걸
딴데
딴데쪽
딴생각
딴짓
딸내미
딸램
딸아이
딸일반
땀차
때고등학생
때기
때독
때문
때문에r추신
때쯤
땡길
땡깡
땡땡
땡땡이
떡검
떡밥
떡밥글
떤분
떤사람
떤생각
떤식
떨방
떨이
떼창
똉것
또래
또사
똥3
똥값
똥꼬
똥망네
똥물
뚜껑
뚝배기
뜸금
뜻밖
뜻추모
띄어
띠엄띠
띠용
띵작
라거
라글자
라는
라도
라돈
라디오
라멘집
라면
라벨
라벨지
라비앙로즈가
라식
라우리
라우터
라이
라이벌
라이브
라이브볼
라이선스
라이센스
라이언
라이온즈
라이자
라이제
라이젠
라이젠3세대
라이카
라이터
라이트닝
라이트쇼
라이퍼텍
라인업
라지
라치기때
라프텔
라힘
람긴
랍니
랑크시스
래바구
래신분
랜더링
랜더링팜
랜디
랜섬웨어
랜카드
램프
랩업
랩탑
랭크
량이
러그
러기드
러닝타임
러때
러브라이브
러블리즈
러셀
러셀이
러시아
러운
러움
러일
러지성기침
러케이스
런거
런걸
런닝맨
런닝타임
런일
런칭
레고
레깅스
레너드
레노버
레드
레드밸벳
레드벨벳
레드쉬프트
레딧
레버리지
레버쿠젠
레벨
레벨유프로
레빨
레식
레알
레오나드
레이
레이더
레이데
레이저
레인보우
레전드
레전드jpg
레전설
레즈비언바이섹슈
레지던트
레진바
레코드
레코드인
레코드회사
레터스
렉서스
렌더링
렌더링gif
렌덤
렌오레오
렌즈
렌트
려횡령
로고
로그
로그인
로드
로리딘
로마
로미오
로밍
로버트
로버트슨
로봇
로봇물
로봇청소기
로비
로빈후드
로얄
로어
로엔
로엔엔터테인먼트
로제gif
로케
로켓
로켓배송
로켓와우
로콜라
로테이션좀
로튼평
로티세리
로펌
로펌들
론칭
론특정협회
롤렉스
롤모델
롤모델jpg
롤클리너
롬질
롯갤러
롯데
롯데랑
롯데리아
롯데리아랑
롯데백화점
롯데야
롯데야구
롯데월드
롯데자이언츠
롯데카드
롯데타워
롯데팬
루니
루루아
루마니아
루머
루메나
루비
루빈
루카스
루트
루팡중
루퍼트탑
류뚱
류머티스내과
류현진
르노
르노삼성
르망
르보나라
른거
른미래당
른미래연구원
른사람
른시간
른정당
름냄새
리거
리고동화책
리그
리뉴얼
리더
리드
리드중
리듬
리듬체조
리디
리디렉션
리딩
리리
리마스터
리먼
리메이크
리모델링
리모컨
리모트
리버티에
리버티정도
리버풀
리버풀이
리버풀팬
리부트
리부팅
리뷰
리뷰보니
리브
리브스
리셋
리스크
리스트
리스펙
리스펙트
리스하
리신분
리암
리액션
리얼
리얼미터
리얼미터여론조사
리얼텍칩이
리오넬
리옹
리전
리조트덱
리즈시절jpg
리치료
리콜
리터
리터당
리턴
리트
리퍼
리포터jpg
리포트
리폼
리필
린다
린킨
린트겐
릴각오
릴것
릴듯
릴레이
릴레이663일
릴리즈
릴적
림거리든유튜버
림음
림프
립아이
링크
링크1
링크정보페이지
마감
마감시간
마그
마그마
마냐
마누라
마누라랑
마눌
마늘
마니아
마당
마더
마더보드
마드리드
마디
마라
마련
마루야마
마르세유
마르조코
마름
마리
마리아
마리오
마마무
마무리
마법
마블
마블시리즈
마블영화
마비
마사지
마산
마세
마세라티
마소
마소ㅠ
마스코트
마스터
마스터오브퍼펫츠
마스터카드
마실거리
마심
마약수사계
마어마
마오리
마왕
마요네즈
마우스
마운트
마운틴
마을
마을버스
마음
마음가짐
마음것
마이너스
마이샵
마이크
마이크라
마이크로소프트
마이크론
마이크임팩트스튜디오
마인드
마일리지
마일스
마작방석
마지막
마지막줄
마진쿸
마찬가지
마찬가지일것
마천루
마카롱
마카오
마케팅
마케팅비용
마켓
마크
마크로스
마클
마키돈
마타이스
마트
마티
마피아
막강
막내
막내아
막내아들
막대기
막막
막말
막말때
막말사건
막무가내
막사
막일
막장
막즈
막판
만12세
만4세
만jpg
만감
만기
만끽
만남
만능자연세
만담
만두
만듦새
만땅
만료
만리
만물
만민경욱
만사
만세
만수르
만약
만오천명
만원
만원6중날진심
만원대
만원버스
만원어치
만원이하
만일
만점
만족
만족도
만족중네
만찢녀
만취
만큼
만평jpg
만화
만화책
말gif
말ㅠㅠㅠ
말것
말기
말도
말때
말레이시아
말문
말바
말빨
말수
말썽
말씀
말안
말을
말일
말장난
말지ㅠ
말투
말투jpg
말한전광훈목사
맘에드
맘에드것
맘에드네
맘카페
맛거
맛점하
맛집
맛집검색
맛탱
맛폰
망각
망것
망고
망상
망신거리
망언
망원
망작
망캐
맞대응
맞벌
맞벌이
맞출
맞춤법
매각
매개체
매경기
매너
매뉴얼
매달
매력
매력듯
매맛
매몰
매물
매번
매수
매실주
매연
매운맛
매월얼마
매일
매일경제
매입
매장
매진
매체
매출
매출액
매치
매커니즘ㄷㄷ
매튜
매트리스
매트릭스
매한가지
맥거
맥거핀
맥도날드
맥돌
맥락
맥미니
맥북
맥북프로
맥스
맥스포스
맥용
맥용가격
맥주
맥주값
맥주먹때
맥주집
맥주효모
맨땅
맨시티
맨체스터
맵핵
맷주
머기업
머기업다
머니S
머니투데
머니투데이
머리
머리감기
머리끝
머리띠
머리말용
머리박
머리박을레
머리빨
머리색
머리속
머리숱
머리스타일jpg
머리스탈
머리아
머리카락
머리통
머릿속
머릿수
머머리
머머리큼
머머링
머슴
머신
머신스
머저리
머플러
먹방
먹을예정
먹지망
먹통
먼가
먼나이
먼산
먼저이야기
먼지
멀갔
멀리보이
멀리영원
멀미
멀티비타민
멀티코어
멋것
메가
메가박스
메갈
메건
메날
메뉴
메니에르
메니에르만성
메달
메디슨스퀘어
메르세데스
메르스
메르켈
메르켈에
메리트
메모
메모리
메모리카드
메세지
메시
메시지
메신저
메이저
메이저대회
메이커스
메이트북
메인
메인반찬도
메인보드
메인폰
메일
메자
메카
메타포
메탈
메탈리카
메탈범퍼
멘붕
멘션jpg
멘토링
멘트
멜라토닌
멜로디
멜론
멜론이유령음반사
멜트
멜트운
멤도거
멤버
멤브레인
멤피스
멧돼지
며칠
며칠거
며칠전
며하드
면담
면도기
면도날
면모
면목
면상jpg
면세업종
면세점
면역력
면요리
면접
면제
면직산업
면허
면허증
멸망
멸시
멸종
명것
명곡
명기
명단
명단공개
명란바게트
명령
명목
명문대
명복
명분
명상
명성
명시
명예
명의도
명의자
명작
명작ㄷㄷㄷ
명장면
명절
명징
명치
명칭
명탐정
명함
몇가닥
몇가지
몇개
몇개월
몇걸음
몇년
몇년동안
몇년만
몇년전
몇달
몇달동안
몇명
몇몇
몇박
몇방
몇백년
몇백천만원이천만원
몇번
몇분
몇분전
몇살
몇시간
몇시간전
몇십곳
몇십년
몇십억데
몇일
몇일동안
몇주
몇주간
몇지
몇차례
몇천
몇천원
몇초정
몇칸
몇턴정
몇판
몇푼
모가지
모건
모공
모공글
모공이
모교
모근
모금
모금액
모기
모나미
모나코
모니터
모니터링
모니터밝
모닝
모던
모델
모두
모드
모드영상
모든
모든것
모든일
모든허상
모때
모래
모레
모를정도
모름
모면
모바일
모바일쪽
모방
모범
모범사례
모서리
모셔
모션
모션블러
모순
모스
모스부호
모스어
모습
모씨
모양
모양새
모에화
모욕
모우
모월
모유수유
모음
모음jpg
모의
모임
모자이크
모종
모집
모집것
모집공고일
모짜렐라치즈
모차르트
모처
모터
모텔
모팩
모하
모하비
모함
모형
목격
목돈
목례
목록
목마
목뼈
목사
목사님징역
목소리
목숨
목업
목요일
목이
목적
목적지
목줄
목차
목청
목포
목표
목표금액
목표중
목회
몬소리
몬스타
몬스터
몬스터월드3
몰두
몰래카메라
몰입
몰입감
몰카
몰카경력
몸값
몸거
몸무게다음
몸반려견할퀸흔적
몸빵
몸살
몸상태
몸싸움
못질땜
몽쉘
묘사
묘지
무개념
무검증
무게
무공
무교
무궁무진
무극
무능
무단
무당
무대
무대응
무더기
무덤
무라카미
무력
무력통일
무례
무료
무료배송
무료배송기간중
무료배송중
무료체험6개월
무료행사
무릎
무리
무리봐
무리수
무마
무명
무모
무배
무비2
무비썸
무사
무상
무상a
무상복지
무상사용
무상수리
무상수리전화
무상증정
무선
무선마우스
무선사업부
무선인터넷
무선충전기
무설계
무섭
무수면
무술
무슨
무슨의미
무슨일이든인터넷
무슨차
무슬림외국인
무시
무시멸시억압
무식
무실
무심
무쌍
무안
무엇
무엇jpg
무역
무역적자
무역전쟁
무역협상
무용
무용지물
무음모드
무응답
무인경전철
무인양품
무인양품코리아
무인양품후쿠시마공장
무쟈
무전
무전한
무지
무지개
무지개색
무칼로리
무쿠폰
무쿠폰인
무탈
무학
무한
무한긍정
무한대
무한도전
무한리필
무한부팅
무한플레이중
무협
무협일
묵묵부답
문가
문건
문광
문광네
문구
문다
문대통령
문돌
문명
문무일
문별
문블랜드
문서작
문성근
문승원
문신
문양
문연다
문예반원
문외한
문의
문자
문자인증
문재
문재인
문정부
문제
문제군요
문제네요ㅠ
문제아정책
문제의식
문제인줄
문제일수
문제점
문제집
문젠
문체부
문통
문화
문화생활
문화재
문화제때
문희준
물갈이
물거품
물건
물건너
물냄새
물놀이
물량
물량주것
물론
물리
물리법칙
물리치료
물망
물바다
물속
물어처
물욕
물운
물음
물음표
물의
물주
물질
물질것
물통
물품
물회
뭐결국
뭐경조사
뭐니
뭐맨날
뭔일
뭔짓
뮌헨
뮤비
뮤직
뮤직비디오
뮤직어워드
뮤직프로듀서
뮬론
미간
미개봉
미계약자
미국
미국가
미국경제
미국공화당
미국대사
미국항공우주국
미군
미군jpg
미그
미그21
미나미jpg
미남
미녀
미니
미니5
미니서큘레이터
미니선풍기
미니어처
미니카
미달
미당
미드
미드리전3대
미디어
미디어오늘
미래
미래기술
미래어그
미래유산
미래전략실
미로
미로Forever
미륵사지
미리
미만
미만잡
미바
미비
미사일
미생
미생시그널나저씨등
미세
미세먼지
미세먼지급
미세팁
미션
미션비
미소avi
미소포니아
미수령
미술
미술대회
미숫가루맛
미스코리아
미스터
미스테리
미스테리박스
미안
미용실
미장센
미장착
미정부측
미제
미중
미중년jpg
미지원
미친놈인줄
미쿸
미키마우스
미투
미팅
미패드4
미혼
미혼모
미흡
믹스
민간
민간기업
민감업종
민갑룡
민경욱
민경욱도
민경욱이
민관
민박2박
민방위
민방위교육
민사처벌
민생
민생경제
민심
민원
민주
민주당
민주당원
민주당의원
민주당정책
민주당지지
민주보
민주언론시민연합
민주연구원장
민주원장
민주정
민주정부
민주주의
민주진보
민주진보진영쪽
민주진영
민주진영정부
민주진영측
민주평화당
민중의소리
민증
민초머리blue
민트
민트색
민트초코
민평
민혁
믿음
밀가루
밀당
밀도
밀도감때문
밀리
밀키스
밀폐용기
밑바닥
밑반찬지
밑밥깔기
밑줄
밑창
바가지
바구니
바깥
바꾸라는업체
바나나사과
바늘
바닐
바다
바닥
바닥이
바당
바라노프
바람
바람의검심
바르셀로나
바른미래
바른미래당
바미
바바
바보
바보건
바보짓
바쉐린
바우처
바이
바이날둠
바이러스
바이오의약연구소
바이탈
바지
바지입을때
바퀴
바퀴벌
바퀴벌레
바탕
박ㄹㅎ
박강
박강인
박광온
박근혜
박달재자연휴양림
박대표
박람회
박민경
박보검
박사
박사모
박사장
박사장집
박사학위
박살난채
박세리
박소담
박소담jpg
박수갈채
박스
박스터
박씨재
박아
박예진
박원순
박자
박정희
박제
박종배
박지성
박찬욱
박찬호
박철
박한
박해일
박현
박호정
박효신
반감
반강제
반격
반경
반경대
반그릇
반기
반나절
반납
반다이
반다이크
반대
반대방향
반대부분
반대시위
반대쪽
반대파
반대편
반도
반도체
반독점
반등
반란
반려견
반려동물
반론
반말
반메갈
반면
반목
반바지
반박
반박글
반박무역전쟁
반박자
반발
반복
반복플레이
반사
반사이익
반사판
반성
반송신청터
반숙프라이
반신마비
반역자
반역행위
반영
반영자본잠식
반음
반응
반응gif
반응낯가죽
반입
반전
반주
반죽
반지
반지하
반지하방
반찬
반찬담곳
반출
반토막
반판
반페미
반품
반환중국
반환청구
발각
발걸음
발견
발견당국
발광
발권
발급
발급가능
발급브랜드
발길
발끝
발뉴스
발달
발달및세포생물학부
발달장애
발돋움
발동
발란스
발레리
발령
발롱도르
발매
발매날
발매전
발목
발뮤다
발뮤다팬
발부
발빼
발사
발생
발생시기
발송
발신번호
발신번호랑
발암
발암물질
발암질
발언
발을구
발음
발음교정
발자취
발전
발전소
발췌
발표
발표6
발표때
발표정부
발품
발행어음
발현
발화
발효주
발휘
밤새
밤샘
밤일
밥곳
밥먹때
밥집
방1개
방2개
방가방
방관
방귀
방글라데시랑
방도리체널
방독면
방문
방문객
방문단
방문때
방문수령
방문편
방배치jpg
방법
방사
방사능
방사능지역
방사선
방상훈상
방석
방송
방송가
방송거
방송것
방송국
방송국놈
방송사고
방송사고gif
방송스태프
방송인거
방송자막
방송제작
방송찍
방송촬영
방송통신심의위
방송통신위원회
방송팀
방수
방식
방실침입
방심
방심위
방안
방어
방어력
방영
방영때
방영후
방울방울
방지
방출
방치
방침
방탄
방탄소년단
방탄콘
방탄팬티
방통위
방통위원장
방패
방학때
방해
방향
방향때문
방향전환도
방현덕
배jpg
배가놈
배가아
배가안차
배경
배경아래
배고픔
배관
배그
배급사
배기
배꼽
배달
배달료
배달어플
배달횟집
배당
배당성향
배대지
배드
배드엔딩
배려
배민
배변활동
배상
배설물
배송
배송료
배송비
배송일
배송지
배수
배수구
배수밸브
배수시설
배스킨라빈스
배신
배신감
배야
배우
배우신분
배웅
배일줄
배젤주변
배철수
배철수서인국쯔양
배치
배치제일모직
배터리
배터리량
배트
배틀
배틀아이
배틀프론트2
배현진
배회
백그라운드
백내장
백내장이옴
백내장인줄
백라이트
백마탄
백범
백서
백성
백수
백수기간
백수시간
백신
백악관
백인
백인일자리
백종원
백짓장
백팩
백퍼
백화점
밴더스내치
밴드
밸브
뱀딸기
뱃살
뱃속
뱅드림
뱅킹
뱅킹때문
버거
버거킹
버그
버버버벅
버선발
버섯
버스
버스안
버스정류장
버스터미널
버스터즈
버스폰
버전
버젼
버지니아
버질
버츄오
버튼
버틸만
버틸수
버팁
버퍼
벅스
벅스뮤직
벅이랑
번개
번성
번역
번역jpg
번역체
번외
번인
번호
번호랑
번호이동
번화가
벌경제지
벌금
벌금형
벌레
벌이
벌점
벌집젤리방석
벌크
범벅
범법자
범위
범인
범죄
범죄도시
범죄자
범죄조직
범주
범퍼
범행
범행gisa
법jpg
법ytb
법규
법규위반
법률
법률대리인
법률때문
법률비용
법률쪽
법률회사
법무부
법무사분
법안
법원
법위
법인
법인카드
법정
법조
법칙
법칙jpg
벗때
벙커
베네주엘라
베네치아
베놈
베니스
베로나
베르통헌
베를린
베비튜닝
베스트
베스트샵
베스팔로프
베슬란
베어링
베이스
베이스어스
베이시스트
베이컨
베이킹파우더
베인
베일
베젤
베젤때문
베충이
베커
베타1
베테랑
베토벤
베트남
베트남분
벡스코
벡터맨인
벤츠
벤치멤버
벨기에
벨붕심
벼룩
벽걸이
벽시
벽이
벽지
변경
변기
변동
변두리쪽
변명
변비
변상욱
변선생
변수
변신
변신것
변연
변용
변제
변제교회돈
변태
변탠
변형
변호
변호사
변화
변화gisa
변화무쌍
변환
별개
별거
별내휴게소
별도
별로
별로것
별로고
별로네
별론데
별루
별의별
별일
별점
별점테러
별탈
병당
병동
병력
병맛
병명
병사
병실
병원
병원가
병원고고싱
병원도착
병원비작년
병원측
병장
병행
병행수입품
보jpg
보강
보건복지부
보건소
보것
보고
보고서
보고타
보관
보관법
보관법JPG
보군요역시
보금자리
보급
보네이
보네이도
보놈
보는내
보는법gif
보는분
보는중
보답
보도
보도자료
보도하등
보드
보딩패스
보람
보루시아
보루인
보류
보름
보리멸4
보리스
보물
보배
보배드림
보배드림분
보배붕어사건
보배사건
보배인
보배횽
보복
보복조치
보복조치임
보사연
보상
보상금
보셩
보수
보수개신교가
보수매체
보수성향
보수세력
보수언론
보수정당
보수진영
보스
보시
보신분
보실분
보아
보안
보안관
보안뉴스
보안문제
보안솔루션
보안수속
보안업데이트
보안철저
보안취약점
보유
보유중
보이스피싱
보일수
보잉
보잉737기종
보잉737맥스
보잉사
보잠
보장
보정
보조
보조배터리
보증
보지
보충
보컬
보컬선율
보통
보통집
보편
보합세
보행기
보험
보험금
보험면손
보험사
보험설계사
보험처리
보험회사
보호
보호구역
보호복
보호지
복구
복구끝
복구작업
복귀
복도
복도끝
복막투석4회
복사열
복선
복수
복수심리
복식호흡
복용
복원
복장
복지
복지정책
복판
복학
복학생
볶음밥
본거
본게임
본격
본능
본드
본듯
본래
본명
본모습
본부
본사
본색
본업
본연
본원
본인
본적
본전
본점
본질
본체
본토
본회의
볼거리
볼꺼리
볼때
볼륨
볼륨업
볼륨조정것
볼링
볼만
볼보
볼생각
볼수
볼일
볼쪽
볼티모어
볼펜
봄철
봇물
봉감독
봉기
봉사
봉송
봉쇄
봉스월드
봉양
봉준호
봉준호감독
봉지
봉지채
봉투
봉헌
부가서비스
부각
부과
부근이신분
부끄러움
부담
부담능력
부담우실수
부당
부대
부동산
부류
부먹
부메랑
부모
부모댁
부문
부부
부분
부산
부산대
부산대교수
부산서
부산여행
부산여행ㅎ
부산여행이
부산역
부산우유
부산항
부산행
부상
부서
부스케쥴
부식
부실
부실상환
부실한
부업
부엌
부여
부역
부역자
부울경
부위
부위원장
부유
부응
부익부
부인
부인보좌관명의폰
부자
부자가
부작용
부작용생기
부잣집
부장
부장검사
부장판사
부절
부정
부정것
부정부패
부정사
부정청약
부정평가
부족
부족한
부지
부지런
부직포
부진
부착
부처
부총리
부침가루
부탁
부탄가스
부터
부티
부팅
부팅때
부패
부패도
부패사회
부페알
부페알바
부품
부하
부합
부활
부흥
북괴군
북극
북극곰
북극곰우
북두신권
북미
북부
북부지방
북산
북서풍
북조선일보
북풍
북한
북한관련
분가
분게
분기
분노
분노거리
분노게
분담
분담금
분당
분데스
분데스리
분때문
분란
분란탈퇴
분량
분류
분리
분리안
분만
분발
분배
분배문제
분배상태
분배상황
분석
분석도구
분수령
분식집
분식회계
분실
분야
분양
분열
분위기
분위기인가jpg
분쟁지역
분주
분중
분탕템
분포
분해
불가
불가결
불가네
불가리아
불가인
불가할듯
불가해
불고기
불광천
불굴
불꽃
불꽃놀이
불량
불륜물
불리
불만
불매
불매운동
불면
불면증
불문율
불법
불법축물
불볕더위
불빛
불뻔
불사
불성실
불순
불신
불신지옥
불쏘시개
불안
불안jpg
불안감
불안불안
불오를
불우
불의
불쾌감
불판
불편
불편걍
불편하
불편해
불평
불행
불효자
불후의명곡
붉사슴뿔버섯
붉은색
붕괴혁명
붕어
붕어사
붕어사건
붕어사기사건
붕어의질주
붕어의질주2
뷔페
뷔페미니즘
브라더
브라위
브라질
브래지
브랜드
브랜드jpg
브랜드값
브랜드중
브런치
브레빌
브렉스트
브렉시트
브렉시트찬성파
브로더릭
브로월스타즈
브로월스타즈인
브롤
브롬톤
브루나이
브루노
블라인드처리
블랙
블랙라이온
블랙리스트
블랙모터
블랙미
블랙박스
블랙박스때문
블랙코미디
블랙팬서때
블랙핑크
블랜딩
블러
블럭버스터
블레이드
블로거
블로그
블로그글
블로그라
블록버스터
블루
블루라이트
블루라이트필터
블루레이
블루로
블루베리
블루보틀
블루색상
블루스
블루스컬
블루스크
블루투스
블루핸즈
블룸버그
블리
블박
블투
비개발자
비교
비교것
비교시
비구름
비극
비금요일
비금요일전국
비기
비기너
비난
비냉
비냉아jpg
비뉴턴유체gif
비닐봉지
비더레
비디오
비례
비례보
비리
비만
비몽사몽간
비밀
비밀gif
비밀번호
비밀통화
비바람
비번
비법
비보스마트4
비보잉
비비고
비비안수
비비크림
비상
비상배수용
비상식
비서관
비서실장
비스트
비싼돈
비역세권
비염
비욘드
비욘드M
비욘드는
비용
비위
비유
비율
비인기
비정만큼
비주얼
비중
비쥬
비즈킷Limp
비참
비추
비치코밍
비키니처자
비타민
비트
비트레이트
비틀
비판
비하
비행
비행기
비행기표
비행시간
빅똥
빅매치
빅브라더
빅샷
빅스마일데
빅스마일데이때
빅스마일때
빅스비
빅스비20
빅이어
빅히트
빈곤
빈곤율
빈도
빈부
빈부격차
빈소
빈익빈
빈자
빌드
빌드업
빌라
빌리
빌미
빌보드
빗방울
빗속
빗슈히라노
빛번짐
빛현우
빠른공
빠방
빤쭈
빨갱이
빨래
빨래방
빵집
뺀찌
뺀찌주
뻘글
뻘생각
뻘짓
뻥뚫리것
뻥튀기
뼛가루
뽀뽀
뿌xx
뿌리
뿐맛
뿜뿜
뿡뿡이
쁜아가씨는
쁜여
쁜여자
삥땅친거
사감위
사거리
사건
사건jpg
사건보
사건사고jpg
사건속
사고
사고방식덕
사골
사과
사과것
사과문
사극
사기
사기건
사기계획
사기단
사기사건
사기업
사기업인줄
사기저
사나
사나이
사내
사내카페
사냥
사논
사다리
사다리타기
사도
사도사
사드보복
사디오
사람
사람구
사람말
사람외국
사랑
사령관
사례
사료
사리
사립유치원
사막
사망
사망자수
사면초
사모
사모펀드
사무
사무라이
사무실
사무실근처
사무실환경상
사무처장
사무총장
사물
사민
사민당
사방
사방팔방
사법
사법농단
사법시험
사법연수원
사분면
사상
사생활
사석
사선
사설
사슴뿔버섯
사시미
사실
사악
사안
사약
사양
사업
사업본부측
사업소
사업자
사업장
사연
사옥
사용
사용가능
사용개월수
사용거
사용기
사용내역
사용량
사용료
사용법
사용보신분
사용시
사용자
사용자분
사용전
사용조건
사용중
사용환경
사우나
사우샘프턴대학
사운드
사위
사유
사유재산
사은품
사이
사이다
사이로
사이버
사이버수사부
사이언스
사이즈
사이코패스
사이코패스인
사이타마
사이트
사이트요새
사인
사임
사자
사자성어
사장
사전
사전계약
사전예약
사전제작
사정
사족
사죄
사주
사준
사줄
사진
사진jpg
사진몇장
사진이랑
사진찍
사체
사촌
사춘기
사쿠
사타구니
사탄교
사태
사태발생
사퇴
사투
사파리
사포
사표
사품신
사항
사행
사행성산업통합감독위원회
사화
사활
사회
사회구조
사회민주당
사회봉사
사회비용
사회생활
사회연합SPD
사회전반
사회통합
사회풍자
사회학과
사후
사흘
삭제
산간
산건
산더미
산더미네
산림생명자원연구부장
산림청
산발
산부인과
산불
산수경석
산업
산업부
산업통상자원부
산정
산정시
산책
산타페
산하
산호세
산후조리비
산후조리비지원사업
살19살
살가보
살것
살까
살림
살만
살벌
살사람
살색
살수
살안
살얼음
살육전
살인
살인감옥
살인거
살인동기
살인마
살인미수
살인사건
살인자
살찌것
살해
살해함
삼x화재
삼각
삼각대
삼겹살
삼국지
삼국지판
삼권분립
삼사일언
삼섬
삼성
삼성경제연구소
삼성공화국
삼성그룹
삼성노조
삼성물산
삼성미래전략실장
삼성바이오
삼성바이오로직스
삼성반도체
삼성벤처투자
삼성전자
삼성전자서비스
삼성정보원
삼성중공업
삼성카드
삼성페이
삼성폰
삼일대
삼천
삼천포
삼청동
삼촌
삼총사
삼탈
삼팬
삼프터
삼혼4
삿포
삿포로
상가
상것
상경한포항
상계
상고
상고시대
상공회의소
상관
상금
상금주
상기
상남자
상납
상단
상단바
상담
상담것
상담요청
상담원
상당
상당부분
상당수
상대
상대방
상대팀
상류
상류계층
상륙
상반
상반기
상복
상봉점
상사
상사분
상상
상상도
상상력
상성
상쇄
상수도
상수도사업본부
상습
상승
상승세
상시
상식
상실
상암동
상업
상업영화
상여
상영
상영관
상영될경우
상영예정
상온
상원
상위
상위관리직
상위모델
상의
상자
상종
상중상
상징
상징물
상처
상추
상층부
상태
상태고
상태임
상표
상품
상품권
상품댓글jpg
상품페이지
상하
상하이
상하이발
상하좌우
상한
상한액
상한제
상해날씨
상해부
상향
상호간
상호출자제한기업집단
상호확증파괴
상황
새거
새끼
새끼손가락
새누리
새로
새만금
새면대
새발
새벽
새벽4시
새벽나
새벽녘
새벽시간
새사람
새서
새소게
새소리
새차
새치
새해덕담
색감
색깔
색동
색맹아빠
색상
색영역
색출
색히
색히네
샌드위치
샌디할배
샌프란시스코
샐러드
샘모바일
생각
생각걸
생각도
생각때
생각만
생각보단
생각분
생각수
생각외
생각이드
생각임기
생각중
생각터
생각틈
생계활동
생곤
생글
생김
생략
생리현상
생명
생명연장
생명체
생물학
생발
생방
생분
생분성
생사여탈
생산
생산공장
생산대수
생산제품
생색
생생
생선구이통닭치킨봉감자튀김
생성
생수
생애
생약학회
생일
생일선물ytb
생일축하
생일파티
생전
생존
생존력
생존자
생존투쟁
생쥐
생체
생체시계
생태
생활
생활고
생활관
생활방수
생활비
생활소음
생활수준
생활용품
생활중
샤방
샤방샤방
샤샤샤
샤오미
샤워
샤워기
샤워부스
샤키리
샨링m0
샴푸
샹그릴
샹그릴라
서구
서기관
서남해상
서두부
서드
서드파티
서랍장
서러
서로
서론
서류
서리태콩
서면이
서명
서문
서민
서방주요국
서버
서버jpg
서버비용
서버장애
서병곤
서부지역
서브
서비스
서비스gif
서비스네
서비스센터
서빙
서사
서식
서약1
서약2
서양
서양사람
서양사이트
서양식
서열
서우주
서울
서울가요대상
서울경제
서울고법
서울남부지법
서울대
서울대병원
서울도철
서울동부지검
서울소재
서울시
서울시교육청
서울시내
서울신문
서울아파트값
서울우유
서울우유가
서울우유협동조합
서울의료원
서울중앙지검장
서울중앙지법
서울지방경찰청
서울특별시
서유리
서유리씨
서쪽
서체
서체회사
서초구
서초사옥
서큘레이터
서프라이즈
서피스
서피스고
서피스북
서피스팬
서핑
서해
서해남부
서해북부
서훈
석기
석면
석사
석식
석양
석유
석조건축물
석탄
선거
선거법위반
선고
선공개
선과장
선교
선글라스
선덕여왕
선도
선동
선동당
선량
선물
선미
선박
선반
선발
선배
선배동료
선상
선생
선생선생
선수
선수구
선언
선예매
선의
선임
선임기계기술자
선임전기기술자
선전
선전화
선정
선정리
선정목
선진국
선착순
선키보드
선택
선택약정
선택지
선포
선풍기
선행
선호
설거지
설계
설계사
설계자
설국열차
설농탕
설대
설득
설득력
설렙
설립
설명
설명글
설명충
설명해
설문
설문조사
설비
설설
설수
설아
설원오늘밤
설정
설정때
설치
설치이한열열사
설치파일
설탕
설탕물
설훈
섬나라
섬유근육통
섬찟
섭네
섭취
성간가스
성간먼지
성격
성격TEST
성격것
성공
성공경험
성과
성교육
성균관대
성남시장때
성년
성년자
성능
성당
성명
성명서
성범죄
성별
성병검사
성병성범죄피해의식
성북동
성분
성서모임
성서봉사
성숙
성신여대입구역
성실
성심
성역
성우
성운
성유물jpg
성의
성인
성인남녀
성인연기
성인인증
성일종의원
성장
성장기jpg
성장사진jpg
성적
성적표
성질
성질급
성추행
성추행전력
성태
성패
성평등
성평등교육
성품
성함
성향
성향차이
성형
성형외과
성형전
세가지
세간
세개
세계
세계gif
세계관
세계보건기구
세계일보
세계정세
세관
세금
세기
세기말
세뇌
세뇌킴
세단
세대
세러머니
세력
세로
세르비아
세리아
세리에A
세리에B
세무조사
세번
세별
세보니
세부
세부기준
세부설정
세부주
세부주제JP9
세분
세사건
세상
세상것
세수
세액
세월
세월동안
세월터
세월호
세율
세율체계
세일
세입자
세잔
세정거장
세제
세제량
세종
세종대왕
세종시
세차
세척
세탁
세탁기
세탁량
세트
세트라
세트장
세팅
세포
섹터
센서
센서제거
센치
센터
센터장
센트럴
센티미터
셀러
셀러쪽
셀레
셀로판테이프
셀룰러
셀카봉
셀토스
셀프
셀프교체
셀프백드랍쪽
셀프주유
셀프체크인
셋째
셔속
셔터
셔터스피드
셰속
셰프gifv
셸비
소간
소감
소개
소개글
소개드립
소개소개
소개시3일후
소개팅
소고기
소굴
소극
소녀
소녀상
소년
소니
소니캐스트
소닉
소닉답습
소담
소독차
소동
소득
소득격차
소득계층
소득면
소득수준
소득주도성장
소득주도성장정책
소득하층
소떡소떡
소라이씨
소량
소련
소련제
소름
소리
소리네
소리때문
소리빈자리
소리일거
소멸
소멸김상조
소명의식
소모것
소모듯
소문
소문이날
소문자
소방펌프
소뱅
소비
소비자
소비층
소사
소설
소설가
소설조선일보
소속
소속사
소속팀
소송
소송진행
소송패소
소수
소수언어
소스
소시오패스
소시지
소식
소식2019
소식통
소실
소아과
소외감
소요
소용
소용돌이
소우주
소울렌드
소울푸드
소원풀이
소유
소유자
소율
소음
소재
소절
소주
소주각때
소주잔
소지
소집
소통
소폭
소품
소프트뱅크
소프트볼
소프트웨어
소프트웨어쪽
소행
소형
소화
소화수
소환
소환장서류
속국
속내
속도
속도상
속도전
속도조절
속도차
속마음
속물
속물근
속바지
속보
속수무책
속앓이
속옷
속임수
속출
속한번
손가락
손가혁
손견
손글씨
손녀
손떨방
손맛
손목
손목부담
손발
손상
손석희
손아픔
손연재
손움직
손자
손절
손주
손짓
손짜장
손학규
손해
손해것
손해인
손현규
손흥민
손흥민jpg
손흥민선수
솔라
솔로
솔로분
솜사탕
솜이
송강호
송강호와이프
송도
송도국제도시
송도동
송두리
송리단길
송인성
송인택
송장
송전망
송중기
송중기얼굴
송충
송혜교
쇄신
쇠괴기
쇠사슬
쇠사슬장면
쇼크
쇼핑
쇼핑몰
쇼핑몰행사
쇼핑팩
수간호사
수감
수감생활
수강자
수거
수거방법
수고
수권야당
수기
수난사
수납
수납함
수녀
수능
수단
수단방법
수도
수돗물
수동
수동전투
수량
수령
수록
수룩
수리
수리비
수리비용
수리업체
수리이력
수리한
수립
수만
수맥
수면
수면내시경
수면다원검사
수면다원검사예약
수면무호흡
수면부족
수면유도제
수명
수목
수반
수백
수백명
수백부
수백억
수백억원
수법
수분
수분간
수브라마니안
수비
수비수
수사
수사결과
수사경찰
수사관계자
수산물
수산시장
수상작
수색
수석
수석이
수성
수세미
수소
수속시간
수수료
수순
수술
수술전
수습
수식어
수신
수신거절
수신력
수십
수십명
수십억
수십억원
수압
수업
수업끝나면
수업시간
수여
수여식
수영장
수요
수요일
수용
수용소
수우미양가
수원
수원고검장
수원사업소
수원삼성축구단
수원지법
수위
수의사
수익
수익금액
수익모델
수입
수입강화
수입규제
수입금
수입금지
수입맥주
수입사
수입산
수입신고가
수작업
수재민
수전
수정
수정버전
수제비
수족관
수주
수준
수지
수직
수직구조
수질검사
수질관련
수집
수차례
수천
수첩
수첩친구
수출
수출경쟁력
수출의존도
수출입
수취
수취액
수치
수하물
수학
수학선생
수학자
수행
수혜자jpg
수호
수화
수확양
숙련근로자
숙련기술자
숙명
숙성
숙소
숙제
숙주
숙청
숙청설
순간
순간jpg
순간아
순결
순기능
순대
순대국
순대랑
순두부
순록
순발력
순살
순서
순서상
순수
순식간
순위
순위jpg
순위조작
순응
순정
순조
순천향병원
순풍산부인
순풍순
순한맛
순환출자
술먹
술법
술수
술시중
술약속
술잔
술집
술탄
술판
숨결
숨때
숫가락
숫자
숭배
쉐끼
쉐어링칩
쉐이
쉐이더
쉬면
쉭한도시남자
쉼호흡
슈돌
슈베르트
슈아레나
슈테겐
슈팅때
슈퍼
슈퍼차
슈피
슈피겔
슛감
스냅
스냅835
스냅쳇
스님
스님께합장
스레드
스릴감
스마일데이
스마일캐
스마트
스마트민방위
스마트워치요금할인
스마트폰
스맛폰
스매싱
스물
스물넷
스물세
스벅
스스디
스스로
스압
스와이프
스위스
스위치
스위트
스카이
스카이프
스카치
스컬
스컬아일랜드
스케일
스케일링
스케일링때
스케일보
스케줄
스케쥴
스케치
스코어
스코틀랜드
스쿼드
스크
스크랩
스크롤
스크린
스킬
스킬던전
스킬명
스타
스타드
스타디움
스타링크
스타벅스
스타워즈
스타일
스타일러
스타크
스타터
스타터빌드
스타트
스타트업
스태프
스탠드
스탠리
스탠스
스탯
스털링
스테이크라
스테이트
스토리
스토리것
스토리지
스토어
스톰브랜드윈터오브
스톱
스튜디오
스튜디오드래곤
스튜어디스
스튜어트
스트라이크존
스트랜딩
스트랩
스트레스
스트레습
스트레이트
스트레칭
스트리밍
스티브
스티븐
스틱
스틱PC
스틱이
스팀
스팀게임
스파3
스파이크
스파클링
스팸번호
스페셜탭
스페이스X
스페인
스펙
스펠
스포
스포ㅎㅎㅎ
스포당
스포무
스포방지
스포유
스포일
스포일러
스포있어요ㅡ기생충
스포주
스포주의
스포찾
스포츠
스포츠네
스포티
스포티파이
스프링캠프
스플래쉬화면
스피커
슬기
슬라이더
슬랫
슬럼프
슬로바키아
슬림
슬림블레이드
슬셔
슬픔
습관
습니
습도
습득
승강
승강기
승강기것
승객
승격
승격플옵
승계
승급던전
승낙
승리
승리인
승부수
승용차
승우
승자
승진
승진예정자
승진자
승진축하
승하차
시가츠
시각
시간
시간계산
시간그
시간대
시간여행
시간잘것
시간차
시계
시계차
시골
시공간
시궁창
시그널
시그널2나
시급
시기
시기상
시나리오
시나리오작업
시내
시내버스
시네마스코어
시놉시스
시대
시댁
시도
시도때
시라소니
시럽
시럽카드
시름
시리즈
시리즈랑
시리즈보
시멘트
시민
시민구단
시민단체
시민사회
시민의식
시바견
시부야
시사자키
시사회
시상식
시상하부
시선
시설
시설직
시세
시소코
시속
시스템
시승
시식
시식코너
시신
시아캄1
시아캄이
시원
시위
시음
시의
시작
시작200도
시작거
시작김상조
시작지불
시장
시전
시절
시점
시조새
시종일간
시종일관
시즌
시즌1
시즌2
시즌2도
시즌3
시즌3주장
시진핑
시청
시청것
시청자
시체
시퀀스
시큐리티
시크
시트지
시티
시퓨
시행
시행령
시행시기
시험
식감
식구
식권5천원
식기
식당
식당아줌마
식량
식모
식모가족
식물
식민지
식별
식비
식사
식사jpg
식사때
식상
식자재
식중독
식칼
식탁
식판
식품
신경
신경안정제
신경질
신고
신고자
신곡
신공
신규
신규회원
신기
신기능
신기생뎐
신나라
신난건
신념
신도
신라면세점
신뢰
신뢰수준
신림동
신림동강간미수범
신림동사건
신메뉴jpg
신문
신문기사
신문지
신문판공실
신물
신발
신발신
신본기
신분
신분사기
신분상승
신분위조
신분증
신비
신빙
신상
신상정보공개
신생아
신성모독
신세
신세경
신세경윤보미
신세계
신세계백화점
신세기
신속
신속대응팀
신수
신수지
신식
신앙
신앙을위
신용
신용카드
신용카드1
신웅
신원
신일
신입사원
신장
신재우
신족
신주쿠
신중
신진욱
신청
신청곡
신청그거
신체
신체능력
신체리듬
신체부위
신촌
신촌세브란스병원
신품
신한
신한카드
신한페이판
신형
신혜영
신호
신호등
신호업체
신호탄
신혼부부
신혼여행
신혼집
신화
실감
실감때
실거
실검
실기
실기기
실때
실력
실린더
실망
실망봇
실무
실무자
실물
실물사진
실물외형
실미도
실버
실비
실비보험
실비보험처리
실사
실상
실생활
실세
실손보험
실수
실습
실시
실시간
실용
실입주때
실장
실재
실적
실정
실제
실존
실종
실종자
실질
실책
실천
실체
실촌수양관
실태
실판매
실패
실행
실험
실험중
실현
실화
심도
심령화살
심리
심리전
심문
심보
심사
심사일언
심신
심의
심의기준
심장
심장마비
심장폭행물
심전
심정
심카드
심쿵주
심판
심평의학
심프리
심플
심혈관연구소
심형래
심화
십년
십만원
십상
십일조
싱가포르
싱가포르유
싱글
싱글터보
싱크
싱크탱크
싸가지
싸구려틱
싸수
싸움
싸움인줄
싸이코패스
싸이트
싼티가
쌀국수
쌈마
쌈밥집
쌈붙이
쌈붙이기용
쌈짓돈
쌍둥이
쌍방과실
쌍욕
쌤통
쌩뚱
쌩판
써드파티
써멀
써큘레이터
썬더볼트
썰을
썸녀
썸딜
썸을
썸타
쎈쓰
쎈편것
쏘나타
쏘주
쓰나미
쓰레기
쓰레기방송국
쓰레기산
쓰레기언론
쓰레기통
쓰레기통ㅠㅠㅠㅠ
쓰리
쓰분
쓰실분
쓰앵
쓰임새
쓴ㅎㅎ
쓴맛
쓴약
쓴웃음
쓴체
쓸데
쓸돈
쓸때
쓸만
쓸큼
씨X
씨네21
씨앗
씨유레이터
씨티
씨티은행
씨피유
씽큐
씽크패드
아가씨
아것
아기
아기안
아까
아나넨
아나넨코
아나스타샤
아내
아내분
아놀드
아놀드렌러
아는말
아달이
아도끝
아동
아동구강건강실태조사
아동빈곤
아들
아들gif
아들내미
아들녀석
아들래미
아들램
아디다스
아라비아
아랍
아랑곳
아래
아래사진
아래집
아래쪽
아랫글
아랫사람
아랫쪽
아레
아레나
아르투르
아마존
아머
아메리카
아메리카노
아메리칸
아멕스
아몬드봉봉사빠딸
아몰랑
아무
아무거
아무거나
아무것
아무글
아무런
아무일
아미
아미인진
아바라
아바타
아반떼
아버님
아버지
아버지쪽
아베
아보카도
아부지
아빠
아빠jpg
아빠등장
아빠품
아빼
아사달
아사히
아수라장
아쉬움
아스
아스가르드
아스날
아스달
아스달보단
아스달연대기
아스달인
아스트로보틱
아슬란
아슬아승
아시아
아시아경제
아시아안보회
아시안게임때
아식스
아식스양말
아싸
아싸달
아싸리
아아리움
아약스
아역
아오모리
아우성
아우쿠스부르크
아욱국
아웃
아웃닭
아웃소싱
아웃풋
아워
아이
아이1등급
아이고ㅠㅠ
아이돌
아이돌jpg
아이디
아이디어
아이러니
아이린
아이맥
아이비리그
아이스
아이스아메리카노
아이스유니버스
아이스커피
아이스크림
아이언3
아이언맨
아이유
아이의나이
아이즈
아이즈원
아이치
아이코스
아이콘
아이큐
아이템
아이템jpg
아이튠
아이튠즈
아이팟
아이패드
아이패드2
아이패드프로구매
아이폰
아이폰7
아이폰X
아이폰XI
아이폰xr
아이폰용
아인슈타인
아일랜드
아일리시
아재
아재분
아저씨
아제
아주경제
아주머니
아줌마
아쥬
아즈원
아치
아침
아침시간
아침약
아침을
아침이
아카데미
아카데미과학
아카데미쪽
아카제
아카쪽
아케이드
아크
아키텍
아트페어
아틀리
아틀리에
아파트
아파트라
아프간
아프리카
아프리카tv
아프리카돼지열병
아픈거
아픈검
아흑
악기
악기배송지
악담
악당
악령
악령깃인형새공포영화예고편avi
악마
악몽
악바리
악성
악성댓글
악수
악역
악영향
악의
악장
악재
악절
악조건
악평
악화
악회
안가
안개
안걸
안것
안경
안경남
안경대
안경벚어야
안구건조증
안기부
안깔
안나것
안내
안내문
안내원
안네
안네그레트
안녕
안녕프란체스카
안댐
안드
안드레
안드레아
안드로이드
안드로이드폴리스
안때
안랩
안무
안무는개
안바
안방
안보
안보상황
안본
안볼니
안볼수
안사
안사도
안생
안생기
안습
안시
안심
안심이됌응
안씀
안아
안양
안양지원
안에글로벌경기침체
안옴
안입
안자랑
안잔거
안장
안전
안전감증
안전불감증
안전빵
안전빵고
안정
안정롬
안젤리나
안주
안주사다
안중
안지현
안쪽
안철수
안타
안타도무방
안탄
안통
안트워프
안티
안팎
안행부
알뜰
알라딘
알람
알람기계
알래스카
알렉산더
알렉세이
알리
알리발
알리송
알릴레오
알림음
알바
알바녀
알바지
알송
알수
알콜
알콜중독인줄
알테
알파고
알파벳
알파스캔
암것
암기
암드
암드맛
암막커텐
암살자gif
암스테르담
암시
암약
암울
암호
암환자
암회색
암흑
압권이
압도
압력
압박
압수
압수물
압수수색
압승
앙겔라
앙상블
앞뒤
앞모습
앞부분
앞에레진
앞차
앞트임
애견인
애국
애국보수
애국심
애기
애기사진찍때
애니
애니메이션
애니순위
애당초
애데리
애도
애때문
애랑
애로점
애물단지
애쉬
애월읍
애정
애즈락
애착
애착인형
애초
애초공감
애프터마켓
애플
애플리
애플뮤직
애플워치
애플페이
액새서리
액션
액션캠
액수
액정
액정깨
액트10
액트3
액티브하
액팅
앤드게임
앤드류
앤딩크딧
앨리스
앨범
앰프
앱등이
앱정리
앵무새
앵커
야간모드
야구
야구보
야구봐
야근
야기
야당
야돔
야동
야마하
야맘
야식
야신모드
야영화
야외
야외훈련
야유
야쥬
야채
야한장면
야후
약간
약과
약먹
약발
약사분
약속
약속장소
약스포
약자
약점
약정
약칭
약학대학
약혼자
약화
약효
얀가루
얀석
양ㄴ
양고기
양국
양극
양글
양념
양다리반려견
양당
양당던사민당
양대
양대모델
양력조정용
양말
양반
양방
양배추
양변기
양보
양비
양산
양손
양심
양심jpg
양아치
양아치gif
양양
양양군수
양양군수ytb
양원경
양자
양장
양정철
양쪽
양차
양치
양팀
양파
양파된장국
양파방귀
양파삼겹살
양파와
양파즙
양파짱
양판소
양팔
양포
양해
양해구
양형
양호
얘기
얘기것
얘기시작
얘기중
얘길
어걸
어금니
어깨
어깨뼈
어느
어느국가
어느날
어느순간
어느정도
어느지점
어느케릭
어니언스
어더
어드벤처
어디
어디어
어떤
어떤건
어떤말
어떤분
어려움
어르신
어른
어리더
어린아이
어린애
어린이
어린이날
어린이집
어머니
어머니계정
어무
어바대
어밴져스
어벤저스
어벤져스
어시스트
어원
어이
어적
어점
어정
어제
어중간
어지럼증
어짜피
어처구니
어치
어케
어쿠스틱
어플
어플리케이션
어필
어학병
어학연수
어항
어후
어휴
억단위
억압
억제
억지
언급
언년
언능
언니
언더이
언덕위
언론
언론사
언론인
언변
언사
언어
언어법칙
언저리
언제
언플
언행
얼개
얼굴
얼굴값
얼굴상
얼굴표정
얼리버드
얼마
얼마안
얼마잉지
얼마전
얼음
엄니
엄두
엄마
엄마아빠
엄뫄
엄복동
엄습
엄정대응
엄청날정도의명작
엄청느리
엄청멀리
업계
업그레이드
업글
업데이트
업뎃
업뎃중
업로드
업무
업무중
업소
업소명
업자분
업적
업적찬양방송
업체
업체연결
엉덩이
엉망
엉망징창이길레
엉짱
엊그제
에너지
에너지등
에너지원
에디터스
에뮬레이터
에뮬레이터샷
에뮬은
에바포레이터
에버랜드
에버튼
에브리데이
에세이
에스케이텔레콤
에스프레소
에어2
에어2가
에어볼
에어비디오
에어서큘레이터
에어차이나
에어컨
에어컨용
에어콘
에어팟
에어팟을빼
에어팟이
에어프라이어
에어프라이이어
에이다웡
에이핑크
에일리언
에잉
에자유당
에쟈나카
에전
에지
에피소드
에효
엑린
엑셀
엑스
엑스레이
엑스맨
엑스트라
엑스페리아
엑스포
엑시노스
엑자
엑자일
엔드
엔드게임
엔드컨텐츠
엔디
엔딩
엔젤전설
엔지니어
엔진
엔진커버
엔화
엘리베이터
엘리베이터라
엘리엇
엘에스
엘에스뮤직
엘지
엘지기변
엘지폰
엠씨
엠팍
엠팍인txt
엣지
엥간
여객기
여갤s10
여건
여경
여경난리친인간
여고
여고1학년
여고개
여권
여기
여기여기여기
여기자
여기저기
여느
여당
여당기민당
여동생
여러
여러가지
여러개
여러경로
여러곳
여러구
여러군데
여러번
여러분
여럿
여력
여론
여론몰이
여론조사
여론조사jpg
여름
여름맞이
여름용
여름철
여름휴가
여배우
여백
여부
여사친것
여성
여성비율
여성정책
여성주연
여성퀴어
여성학
여성할당
여성할당제
여성혐오
여성회원분
여수
여야
여엉
여우
여우짓
여운
여유
여윽
여의도
여자
여자youtube
여자분
여자아
여자애
여자일경우
여자친구
여전
여주
여중딩
여지
여직원
여초구역
여친
여친이
여캐
여튼
여파
여폴리프로필렌
여행
여행가
여행계획
여행계획짜야
여행사
여행자금
여행자금모
역대
역대17위
역대급
역대최저가
역랜덤하우스
역량
역류
역사
역사가
역삼
역설
역세
역세권
역쉬
역시
역전
역주행
역차별의식
역할
역할ㄷㄷ
엮음
연간
연개소문
연결
연결성때문
연결후
연계
연고
연관
연교
연구
연구결과
연구소AMD
연구실
연구실장
연구원
연구자
연구팀
연금
연기
연나라
연대기
연대기jpg
연동
연락
연락도
연락주
연락처
연령
연료고압펌프
연료펌프
연륜
연마
연말
연말가요제
연매출
연민
연방거래위원회
연방항공청
연봉
연비
연비야
연사
연상
연세
연세대
연세대오피셜행사로
연세대학교
연속
연속기
연속재생시간
연쇄살인사건
연수구
연수원
연습
연승gif
연애
연애편지
연어덮밥집
연예인
연왕
연인
연일
연장
연장자
연전
연전연승
연정
연주
연중
연차
연차내
연출
연출사진
연출연기
연필
연하Boyfriend
연합
연합국측
연합뉴스
연합뉴스TV
연합뉴스씨jpg
연합사진
연회비
연휴
열강
열개
열거
열광
열도
열두시방향
열등감
열매
열세차것
열쇠고리
열시
열애
열일곱살
열일곱살때
열차
열차타
열폭
열화
염감독
염경엽
염동열
염려
염색
염원
염치
염탐
염화세슘
엽총
영결
영광
영구
영구제명
영구치
영구치우식
영구치우식유병자율
영국
영국남자
영국인
영규
영내
영동고속도로
영등포
영문
영문버전
영문판
영상
영상ㅎㅎ
영상미
영수증
영수증서비스
영아
영아사망
영양제
영어
영어공부
영어교육
영어단어
영어판
영업
영업박람회
영업시간
영업준비
영역
영웅
영원
영입
영입확정
영자
영장
영철이
영포에
영향
영향력
영향주것
영혼
영화
영화고
영화관
영화보
영화볼때
영화소개방송
영화속
영화스타일
영화자체
영화전
영화줄
영화중
영화파일
영화평
옆동
옆자리
옆집
예감
예고
예고편
예고편영상과
예구
예구때
예금자보호
예기
예능
예능프로그램
예를
예리
예매
예방
예보
예비군
예비군훈련장
예비신부
예사
예산
예산안
예상
예상1시간
예상대
예상밖
예수
예술
예술가
예술작품
예술품
예시
예약
예약제도
예약판매
예언
예의
예의주
예의주시
예전
예전글
예정
예정이신분
예정일
예정자
예측
예판
예판하
예행계획
옐로우
옛기
옛날
옛날애
오X코X아
오거리
오구매
오금
오난코리아
오는중
오늘
오늘10시
오늘날
오늘밤
오늘밤10시
오늘부
오늘자
오니
오동통
오등록
오디션
오디션프로그램
오딘
오뚜기
오락실
오래전
오랜
오랜기간
오랜만
오랫동안
오랫만
오레오
오렌지망
오로라
오로라민
오류
오르트
오른손
오른쪽
오리
오리스
오리지
오리지널
오리털
오마바
오마이뉴스
오만
오바
오바마
오바마계
오반
오버
오보
오브
오븐
오븐경
오빗
오빠
오빠찌찌파팅
오사카
오산
오세훈
오스트리아
오실로코프
오열중
오염
오예스
오옹
오이
오이비누
오이향
오일베이스
오입급
오전
오전11시
오전업무
오전영상
오전일과
오전일찍
오존주의보
오종
오줌
오줌것
오즈모
오지
오징어
오차범위
오천
오천만원
오천후원
오카리나
오케스트라
오키
오키나와
오타니
오타쿠
오토
오토매이션
오토뷰
오프닝
오프라인
오프스피드
오픈
오피셜
오피셜인줄
오피스
오해
오해만
오현경
오후
오후10시
옥상
옥션
옥수수
옥수수건
옥테인
온가족
온갖
온갖가지
온건
온것
온도
온도조절시간조절두께조절
온등등
온라게시판
온라인
온라인쇼핑
온라인커뮤니티
온사진
올뉴K7
올뉴마티즈가
올뉴투싼
올때
올리브
올리비아
올림
올림피크
올림픽
올스타즈
올여름
올인
올정도
올초
올킬
올해
올해10월
올해말
옴니아
옴닉
옵션
옷갈
옷걸이
옷방
옷방티비
옹호
와리까리
와바
와우
와이번스
와이어리스
와이파
와이파이
와이프
와이프랑
와인
와중
와콤펜
완결
완결판
완력
완료
완료때
완벽
완벽터
완성
완성거
완성도
완전
완전무선
완치
완판
완화
왓챠
왕갈때
왕건
왕것
왕겜이
왕뚜껑
왕립
왕복
왕복12
왕사탕
왕자
왕자비
왕조건설
왕좌
왕좌의게임
왕중왕
왜곡
왜곡감
왜구당
왜구인놈
왜그걸
왜나
왜인
왜케
외계
외계행성
외관
외교
외교관
외교기밀
외교부장관
외교장관
외교전때
외국
외국애
외국어
외국여행
외국인
외국인노동자
외국자본
외근직
외노자
외모
외모돈
외무상
외무상연간
외박
외부
외부음향기기
외산
외상
외상센터
외상외
외선
외손녀
외식
외신
외알바
외연
외우지
외장
외조모
외줄타
외출
외할머니
외할아버지
외형
외화
외화계좌
외화계좌결제
외환보유액
외환시장
왼발
왼손트랙볼
왼쪽
요ㅋ
요ㅎㄷㄷ
요ㅎㅎ
요ㅠ
요ㅠㅠ
요가
요거
요건
요것
요게
요괴
요구
요구르트
요근래
요금
요금인상
요금인하
요금제
요금폭탄
요금할인
요기
요란
요령
요리
요리사
요먹
요며
요모양이죠
요사이즈
요상
요새
요소
요소니캐스트
요소로최악
요약
요약1
요약jpg
요약니
요약부분
요양
요우리나라
요인
요인스타그램
요일장
요정
요즈음
요즘
요즘말
요청
요코하마
욕구
욕설
욕실
욕실청소
욕심
욕짓꺼리
용가리
용기
용납
용달차
용도
용돈
용량
용맹훈장
용산
용서
용액
용어
용엄
용역
용융
용의자
용인
용인대
용적
용팔이
우경화
우국충정
우대
우대수익
우동
우등
우려
우리
우리개
우리나라
우리나라랑
우리랑
우리말
우리맛
우리집
우리카드
우리편
우리회사
우발
우발적살인
우버
우상호
우선
우선모드
우선순위
우세
우수상
우승
우승팀
우승후보
우여곡절
우열
우와이것
우왕
우울
우울증
우유
우유팩
우익
우주
우주망원경
우주소녀
우체국
우체국택배
우측
우측림
우측마우스
우크라이나
우파
우파언론
우편
우화
우회
운가게
운놈
운도
운동
운동능력
운동복
운동선수
운동신경
운동장
운동중jpg
운명
운석
운영
운영분
운영자
운영자금
운영중
운영진
운영체제
운운
운전
운전기사
운전석
운전실력
운전자
운전중
운행
운행거리
운행일보
울것
울금가루
울나라
울때
울림
울산
울산가는길
울산지검장
울트
움요청
움직임
움직임게임산업
웃음
웃프네
웅변
워너원
워딩JP9
워리어스
워마드
워싱턴
워싱턴DC
워싱턴포스트
워치
워크
워킹데이
워터픽
웍안
원가격
원거리
원격
원고
원곡
원광대학교
원금
원내
원내대표
원년
원더
원더보이5
원더키
원더키디
원두
원드라이브
원래
원룸
원리
원문
원문기
원복
원본
원본보기
원빈
원빈형
원성이
원소
원수
원술
원안
원양어
원인
원자
원자력
원자재
원작
원장
원장상담
원전
원전사고
원전지역
원정
원조
원주민
원진
원칙
원팀맨
원플러스
원플릭스
원피스
원호
원활
원히트
월2회
월급
월급날
월급직장인
월도
월드스타
월드와이드
월드컵
월드클래스
월디페
월렛
월례
월례조회
월세
월요병
월요일
월정액
월차
월척글
월클
월평균
월화수
웜샤워
웨딩드레스
웨딩플래너
웨딩플랜
웨이버
웨이버공시
웨이보
웨이트
웨이팅
웨이펑
웨일
웬디
웰빙
웸블리
웸블리jpg
웹디
웹서핑
웹툰인
위기
위기의식
위력
위례
위로
위로머지
위메
위반
위뱃살
위상
위생검사
위스키
위스키레이크
위안
위안부
위압감
위약금
위엄gif
위용
위원
위원장
위장약
위조
위주
위즈원
위쪽
위챗
위촉
위층
위치
위치jpg
위치할법
위키
위키미디
위풍당
위해삼바
위험
위험해jpg
위협
위화감
윈10
윈10업뎃
윈7스타일
윈도우
윈도우10
윈도우7
윈도우놋북
윌스미스
윗동네
윗물
윗집
유가족
유가하락
유감
유격
유골
유골발굴
유권자
유념
유념자유한국당
유니클
유니클로
유닛그룹
유대감
유도
유람선
유람선사
유럽
유럽리그
유럽여행비용
유럽연합
유럽열망
유럽의회
유럽인
유럽쪽
유럽축구연맹
유럽투
유력
유력news
유력시
유령음반사
유령회사
유례
유로
유로존
유료
유료회원
유리
유리병
유머
유머러스
유명
유명인
유모
유무
유물욱기
유발
유방암
유벤투스
유부
유부남
유부녀랑
유비
유사
유사시
유산
유산균
유선
유선사업자
유선전화
유승민
유시민
유신
유심
유아인
유예
유용
유용듯
유의
유의미
유익한일
유일
유일무이
유입
유작가
유재석
유저
유전자
유정호
유정호씨
유족
유족분
유지
유지보수
유지중
유착
유출
유출걸
유치
유치원
유통
유통구조
유통기한
유통정보
유투버
유투버들
유투브
유투브avi
유툽
유튜
유튜버
유튜브
유튭
유튭프리미엄
유트브프리미엄
유포
유플
유플러스
유학
유학오시
유행
유행어
유혈
유혈사태
유형
유혹
유혹을
유효
유효기간
유효수요
유휴악기
육개장사발면포테토칩
육거리
육군
육룡
육성재
육수
육수스프
육아
육아관련
육아만화
육아중
육아지도사
육아체험
육아휴직
육지
육포
육해공군장성남성정치인
윤곽
윤곽3
윤곽선
윤보미
윤석렬
윤석열
윤아
윤정일
윤종필
윤지검장
윤지오씨
융단폭격
은근
은돔빌레
은련
은머리
은비
은색
은서
은시간
은연중
은퇴
은퇴소식
은하영웅전설
은행
은행원
을만
을지ㅠ
음jpg
음계
음란물
음료
음료수
음모
음반
음반사
음성
음성전화
음성추
음식
음식냄새
음식물
음식물쓰레기
음식쓰레기
음식쓰레기사건
음식점
음악
음악내용
음악듣중
음원
음원서비스
음원서비스플랫폼
음원수익
음주
음주자
음질
음향
읍읍
응가
응급
응급실
응급의료
응급환자
응답
응답자
응대
응모
응원
응원봉
의견
의견수렴
의결
의과대학
의구심
의기투합
의대
의도
의도거
의뢰
의료
의료관광
의료기술
의료단지
의료수준
의료인
의료진
의료활동
의류제작기술
의무
의문
의문점
의미
의미거
의미것
의사
의사선생
의사소통
의사출신
의상등
의식
의식중
의심
의심부
의아
의약분업
의왕
의욕
의원
의원운영위
의원운영위원회
의원직
의원회관
의존
의존도
의지
의지력
의학
의협회장
의혹
의회
이x철
이간
이거
이거이
이거저
이것
이것저것
이게서
이게임
이곳
이국
이국종
이국종껀니
이그트
이근호선수
이길수
이까
이꼬
이낙연
이날
이내
이녀석
이념
이념성향
이놈
이뇨
이니셜
이니셜일
이니아
이달
이대
이대호
이독제독
이돌
이동
이동거리
이동중
이동진
이동통신단말장치
이동통신사
이드
이득
이딴
이딴것
이때
이란
이란정부
이란정책
이란허블
이랑
이래
이런
이런기회
이런날
이런델
이런말
이런식
이런일
이런저런
이런종
이럴리
이럴수
이력
이력서
이례
이론
이륙도중
이름
이름표
이마트
이말
이맘때
이맛클
이메일
이멘트
이면
이명박
이명박씨
이명박얘기
이모
이물
이물질
이미지
이민
이민자
이방인
이번
이번건
이번년
이번달
이번달에
이번보배
이번생
이번시즌
이번주
이번주말
이번해
이베이
이베희
이벤트
이벤트중
이변
이부분
이부진
이분
이불
이불빨래
이불커버
이브
이블2
이블데드
이비인후
이비인후과
이빨
이쁨
이사
이사때
이사람
이사오기전
이사장
이사준비
이사중
이사회
이상
이상것
이상무
이상아
이상인날씨
이상증
이생각
이서진
이서진씨넥슨
이서혜
이선
이선균
이선옥
이성
이성애자
이성친구
이세상
이소라
이수
이슈
이슈화
이스달
이슬람
이슬람난민
이슬람테러
이승우
이시간
이식
이아르크
이야
이야기
이야기것
이야기근영
이야기나
이야기인건
이야기일
이야기현실
이야깁
이어셋
이어폰
이어폰배터리
이어폰잭때문
이어폰쪽
이언주
이역리
이영길
이영학
이외
이요ㅎ바벨250
이용
이용때문
이용안걸
이용자
이용촉진
이웃
이유
이유jpg
이유katalk
이유ㅠ
이유죠
이율
이은재jpg
이익
이익관계
이인
이인간
이인영
이임
이입
이자
이자식
이장
이재명
이재민
이재삼
이재용
이적
이적설
이전
이전글
이전작
이전정권
이점
이정
이정도
이정도면
이정도지
이정은6
이정현
이정후
이제
이제그
이제쯤
이종걸의원
이준구
이준희
이준희선수
이중
이중반전
이중제국
이지안jpg
이직
이질감
이집트
이짤
이쪽
이쯤
이차
이채
이체
이체내역
이치
이캐릭
이케빈
이클립스
이키테이르
이탈
이탈경찰청장
이탈리아
이태리
이태수
이터널블루
이터널블루라
이터널스
이틀
이틀동안
이틀만
이하
이하브
이학윤선수
이한열
이한열추모식
이한철
이한철x나우
이해
이해력
이해불
이해수
이헌수
이현우선수
이혼
이효성
이후
이희수
익명
익명신고
익명커뮤니티
익산
익스퍼트
익스프레스
익스플로잇
익주궁병3
인가
인가요청
인간
인거
인건비
인걸
인공
인공수정체
인공지능
인공지능연구소
인과
인과관계
인구
인구수
인근
인기
인내
인당
인도
인도네시아
인도튜브
인디언
인류
인류수준
인류애
인명
인명경시
인물
인물로김영철
인물사진
인배
인버터
인사
인사너
인사드
인사때
인사이드
인사이트
인산인
인삼숫가락
인상
인생
인생관
인스타
인스타그램
인스타사진
인스턴트
인식
인싸달
인싸등
인양품
인양품후쿠시마공장
인용
인원
인절미
인정
인젝터
인종
인종차별
인종차별의
인중
인증
인증글
인지
인지때
인지력
인지부조화
인질
인질극
인천
인천공항
인천국제공항
인천서
인천서구
인천시
인천지법
인코딩
인터내셔널
인터넷
인터넷방송
인터넷요금
인터넷텔레비전
인터넷특성
인터뷰
인터뷰나온짤
인터엑티브
인터페이스
인턴
인테리어
인텔
인텔리
인텔프로세서
인통법
인투이트
인튜이티브
인트라
인트로
인풋렉
인피니티
인피니티워
인하
인형
인형것
인형말
인형병기
일가
일가사람
일간베스트
일간지지
일갈
일감정
일거
일견
일관
일괄
일교차
일년
일당
일대
일등석
일딴
일때
일련
일례
일루
일리
일마존
일말
일면식
일명
일반
일반계좌
일반식단
일반인
일반화아
일방
일베
일베자유당
일베충
일베회원듯
일본
일본기레짝짝중
일본내
일본발
일본애
일본어
일본어공부
일본언론
일본외
일본유신회
일본음악
일본인
일본자금
일본정부
일본정부자료
일본중국
일본취업
일본파
일본폰을가입
일부
일부분
일부상
일부지방
일뿐
일사분란
일상
일상글
일상생활
일상생활배상책임보험
일시
일시불
일시정지
일신
일억
일요시사
일요일
일요일날
일용직
일원
일을
일일불악담구중생형극하루
일자
일자리
일전
일정
일정간격
일정부분
일제
일제검사
일종
일주
일주기
일주일
일주일ㅠ
일주일에
일체
일치
일침
일파
일파만파
일해
일행
일화
일환
임경업
임계점
임금
임금체불
임대
임대아파트
임명장
임무
임성재
임시
임시소모임
임시할인
임신
임신진단서
임원
임원희랑
임은정
임의
임직원
임팩트
임형준
입건
입구
입구컷jpg
입국
입금
입꼬리
입냄새
입대
입더
입때
입력
입마개
입맛
입맛인
입문
입문자용
입법
입사
입상
입성
입소문
입수
입술
입안
입양
입양서류
입원
입원생활
입장
입장객
입장문
입장표명
입주
입주자
입증
입지
입찰
잇몸
잇점
있근영
잉크
잉태
자가
자가아들
자가진단쌤
자강두천jpg
자격
자괴감
자국
자국민
자극
자극것
자금
자금력
자급제
자긍심
자기
자기방
자기소개
자기최면중
자기파괴
자기폭풍
자기합리
자낙스정
자녀
자녀수
자동
자동반사
자동응답
자동재
자동차
자동터
자랑
자랑글
자랑아
자랑터
자료
자료jpg
자료사
자리
자막
자매품
자멸
자몽
자무슨
자문
자민
자민당
자바스크립트등
자백
자본
자본주의
자부담
자부심
자뻑
자사
자산
자산규모
자살
자세
자스민
자식
자식농사
자신
자신감
자신애
자아
자연
자연분만
자연산
자연산일때
자외선
자원
자원봉사
자원할당
자유
자유게시판
자유경제원
자유당
자유당지지율
자유민주당LINKE
자유민주주의체제
자유주의
자유총연맹바게기운동본부새마을운동협의회
자유한국
자유한국당
자유한국당쪽
자율
자이언츠
자자손손
자작
자작곡
자작극
자작글
자장면
자장면집
자전거
자전거샵
자전거탄
자정
자제
자제변경
자제분
자존감
자존심
자주
자중
자진
자차
자책점
자처
자체
자초
자축
자취
자취방
자켓
자택
자파
자판기
자한
자한당
자한당의원
자회사
작ㅋ
작가
작가중
작가팀
작곡
작곡가
작년
작년울
작동
작동안네요ㅠㅠ
작별
작사
작성
작성신용
작성후
작업
작업사진
작업자
작용
작위
작위생
작은개
작전
작정
작중
작중행
작품
작품안
잔류
잔반
잔소리
잔액
잔업
잔인
잔인것
잔인할정도
잔혹사
잘드분
잘때
잘모
잘못
잘못삿다
잘팔리
잘팔리네
잠금화면
잠깐
잠도안
잠복중
잠수
잠수함
잠시후
잠식
잠실
잠자리
잠잘때
잠적
잡내
잡설
잡소리
잡음
잡주
잡지
잡채
잡캐
장가
장갑
장관
장관급
장군
장기
장기간
장기자
장기표
장난
장난줄
장난치것
장농
장단점
장당2000
장도리
장동건
장려상
장력
장례식
장르
장면
장면후
장모
장문
장바구니
장백기
장범준
장벽
장병
장부
장비
장비업
장사
장사것
장사장
장세출
장소
장소것
장손평
장시간
장식
장악
장악력
장안
장애
장외투쟁
장원재
장음계
장인
장인급
장자연
장점
장착
장착사진jpg
장충기
장충기문자
장충식
장치
장터
장판
재개
재건설
재결합
재계
재고
재난
재난상황
재내
재능
재능기부
재등장
재래식
재려
재력
재료
재무부
재무설계
재물
재미
재미지
재미질수
재발
재발급
재방
재벌
재벌2세
재벌개혁
재벌그룹
재범
재봉틀
재부팅
재산
재산현황jpg
재생
재생불량성빈혈
재생에너지
재설치
재수
재앙
재임
재정보조
재정보조금
재정보조제도
재정비
재정적자
재주도
재즈
재직
재직중
재촉
재출시일
재탄생
재탕
재택가능
재판
재판부
재판장
재팬
재편
재향군인회
재헝리한국대사관
재현
재활
잼나
잼나네
쟁반
저가
저가피자브랜드
저거
저것
저게서운
저격
저격조선일보
저곳
저기
저널
저널리즘
저널리즘J
저널리즘토크쇼J
저녁
저녁때
저녁러닝
저녁식사
저년
저놈
저때
저랑
저랑이
저런
저런거
저런물
저렴
저리
저리톡
저번
저번주
저분
저사건
저사람
저소비
저소음
저속
저수조
저온화상
저음
저일행
저작
저작권자
저작료
저장
저장소
저장용량
저정
저정도
저조
저주
저지
저지방
저쪽
저택
저포함
저하
저항
저희
저희부모
저희지역
저희집
적군
적극
적금보단
적립
적발
적색
적소
적수
적시
적시타
적양파즙
적용
적용6
적은거랑
적응
적응장애
적자
적장
적정
적정량
적출
적폐
적폐몰이
적폐세력
적폐왕
적폐청산
적합
전개
전개때문
전거
전곡
전공
전과
전광훈
전광훈목사
전교1등
전교1등ㅋ
전구
전국
전국모든레스토랑
전국민
전기
전기공학
전기료
전기리그
전기요금
전기위원회
전기자전거
전기장판
전기차
전기통신사업법
전꺼
전날
전남
전남편
전년
전단지
전달
전도
전도글
전동휠체어
전두엽
전두환
전두환대머리
전라
전라도
전라도는전부빨갱이
전략
전력
전력망
전력사
전례
전리품
전말
전망
전면
전면디자
전면부
전무
전문
전문가
전문기관
전문연
전문의
전미선
전반
전반부
전방
전병유
전보
전부
전사
전산
전산오류
전산오류인것
전설
전세
전세계
전세금
전송
전수감사
전술
전승
전시장
전신거울
전액
전언
전역
전염
전용
전우
전원
전율미궁
전이
전인권
전임
전자
전자기기
전자기파
전자담배
전자렌지
전자렌지위
전자시계
전자식
전자신청
전자업
전자업계
전자책
전작
전쟁
전쟁터
전적
전전긍긍
전전선서
전제
전조증상
전주
전지역
전지현
전직
전진
전집
전차
전철
전철안
전체
전체회의
전출
전출시
전통
전통음악
전통주
전투
전투기
전투력
전투복
전투신
전파
전파인증
전표
전현무
전형
전화
전화걸기
전화기
전화면접
전화못중
전화백만원오십만원십만원
전화번호
전화오
전화온거
전화통화
전환
전환시
전후
전후기
절구
절규우선권살
절대
절대값
절대권력
절대복종
절도
절둑이것
절망
절망감
절반
절세가인
절세가인쥬
절정
절제
절차
젊은이
젊음
점검
점령
점수
점수차
점심
점심시간
점원
점진
점화
접견
접경
접근
접근건
접근법
접대
접속
접속좀
접수
접시
접점
접종
접착능력
접촉
젓갈
정가
정가생각
정감
정강
정관
정관용씨
정권
정권때
정권안가
정규
정규리그
정규타석
정기
정기구독
정기후원
정년
정당
정당지지율
정도
정도간
정도길래
정도내
정력
정례
정리
정리박스
정리정돈
정립
정면
정문
정밀
정반대
정발
정보
정보보호
정보습득
정보요원
정보의갭차죠
정보취득
정보통신망
정보표시
정복자
정부
정부관계자
정부당국
정상
정상가입
정상명
정상터
정상회담
정석대
정설
정성글
정식
정식판
정신
정신건강
정신력
정신마법
정신병
정신병력
정신병원편
정신병자
정신질환자
정용기
정용기발언
정원
정유회사
정은이
정의
정의구현
정의당
정이
정인겸
정작
정장차림
정쟁
정쟁거리
정적
정조준
정주행
정지
정지처분
정직
정직원
정차
정착
정착것
정착곳
정책
정책수단
정책실패
정책위의장
정책혐오정당
정체
정치
정치공학
정치색
정치성향
정치시스템
정치인
정치절차
정치판
정치혐오
정친병자
정통
정품
정품인증
정품케이스
정해균
정형외
정형외과
정혜승
정확
정확도
정황
정황페덱스
제가먼저
제거
제고
제공
제공한TT
제구
제국
제글
제기
제꺼
제껀
제네
제네시스
제능력부족
제대
제대날짜
제대호
제도
제도개선
제동
제때
제로
제모바일
제목
제목jpg
제목txt
제목대학
제보
제사
제사날
제소
제시
제안
제안적
제압
제어
제어봉
제어판
제옆
제왕
제외
제육볶음고기완자잡채
제의
제이름
제이리그
제이크셜리
제일
제일빨리
제임스랜디
제자리
제작
제작규모
제작년
제작단계
제작비
제작사
제작자
제작자분
제작진
제작함
제작현장
제작환경
제정
제정신
제조
제조과정서
제조사
제조업
제조원
제주
제주당
제주도
제주살
제철업
제체
제출
제통장
제품
제품대비
제프리
제한
제한인거
제휴
젠틀
젤카야노
조각
조각jpg
조건
조계종
조곤조곤
조공
조광래
조광춘
조규찬
조금
조기
조기졸업
조롱
조롱호구취급
조류
조리
조리원
조립
조립감상평
조립시
조명
조문
조문객
조사
조사개요
조사결과
조사기간
조사기관
조삼모사jpg
조선
조선까네
조선발
조선일보
조선중앙
조선중앙통신
조세
조슈아
조심
조썬일
조썬찌라시
조아
조아욥
조어법
조언
조우종
조운
조운이
조율
조작
조작글
조장
조절
조절수
조정
조정것
조정방어율
조정안
조조
조종
조종장치
조중동
조중동문
조중동한경오
조직
조직내
조직장
조진거
조차
조철현
조치
조카
조카도
조크
조합
조현우
조현우선수
조형
조형미
조회
조회수
족장
존경
존경울
존나이
존댓말
존명
존버
존버상태
존스홉킨스대학
존윅인가
존재
존재것
존중
졸업
졸업논문
졸음
졸작
졸지
좀비
좀비물
좀전
좃선일보
종가
종가세
종결
종교
종교색
종교인
종교자
종량세
종로3가역
종로구
종료
종류
종류가좀
종말
종목
종부세
종북
종악당
종양
종용
종이
종이로
종일
종전
종전협정
종족
종착역
종합
종합2보
종합계획
종합비타민
좌불안석
좌시
좌우
좌우설정
좌우지간
좌익
좌절
좌지우
좌측트랙볼
좌파
좌파당
좌파언론
좌파편향정부
좌표설정
죄목
죄악
죄요ㅠㅠ
죄질
죄책
죄책감
주가
주간롬
주간집
주거
주거래
주거침입
주관
주군
주기
주긴
주내내
주네
주눅
주도
주도한
주력
주력기
주류
주름
주말
주말동안
주머니
주먹
주먹밥
주목
주무관
주무실
주문
주문jpg
주문ㄷㄷㄷ
주문때
주민
주민jpg
주민반대
주방
주방장
주범
주변
주변인프라
주불행수잇
주사위
주세
주소
주소기반인줄
주소록
주스
주식
주역
주요
주요국가
주요외신
주위
주유
주유구
주유소
주유원
주의
주인
주인jpg
주인공
주인공일행
주인아저씨
주인집
주일
주입
주자
주자급
주작
주작범
주장
주장때
주장인
주재
주전
주전공
주절대는중
주정
주제
주종
주중
주중여론
주지
주진모
주진우
주차
주차장
주체
주초
주최
주치
주치의
주택
주택공급
주택법령
주한
주한미군
주한미군사령관
주헝가리한국대사관
주황색
주효
주후반
주후반부
죽겟
죽음
준범
준비
준수
준식
준식이
준표
줄거리
줄기
줄리엣
줄어듭
줄인느낌
중간
중간보스
중간중간
중견
중견기업
중고
중고가
중고깐
중고나라
중고마켓
중고차
중공업
중구
중국
중국공산당
중국등
중국삘
중국생활
중국어
중국영화
중국인
중국정부
중국집
중국축구협회
중국친구
중국판
중국폰
중네
중단
중대장
중도
중도보수
중도우파
중도좌파
중도파
중독
중독듯
중독인
중독자
중독자real
중독증상
중동
중딩때
중랜섬웨어
중략
중력
중립
중반
중반이후
중복
중부지방
중북부
중북부지역
중비중
중산
중상
중상이
중성
중세시대
중소기업
중소리그2순위
중순
중시
중식냉면
중식당집
중식조리기능사
중심
중앙
중앙당
중앙대
중앙선
중앙선거관리위원회
중앙선거여론조사심의위원회
중앙일보
중앙지검
중요
중요것
중의원
중일것
중입
중저
중점
중증
중징계
중책
중추
중크롬산암모늄
중하
중학교
중학생때
중환자실
쥬리쨩
즈음
즉석식품
즉슨
즉시
즉응
즉흥
즐거운생활
즐거움을
증가
증가속도
증감
증거
증거물
증권가
증권사
증기폭발
증류주
증명
증명서
증빙
증상
증세
증시
증언
증오
증정
증조할아버지
증진
지각
지감장
지갑
지검장
지경
지경마티
지구
지구상회
지구평화
지극정
지극정성
지금
지금이랑
지급
지급명령신청
지난글
지난달
지난번
지난주
지난주말
지난해
지난해말
지낮
지네
지네용
지능
지니
지니계수
지대
지도
지도력
지도자
지동원
지디넷코리아
지때
지랄
지랄인거
지뢰
지뢰밭
지름
지름길
지리
지마켓
지마텟
지만저런
지망
지메일
지명타자
지목
지문
지문분석
지민
지방
지방선거때
지방정부
지방중소기업
지배
지배구조
지배자
지배터
지부
지분
지불
지브리
지상
지상파
지석진
지속
지속가능
지수
지시
지식
지식의칼
지식인
지역
지역감정
지역경제
지역구
지역농협
지역케이블
지역혐오
지역화폐
지연
지예흐
지오그래픽
지옥
지옥구
지울수
지원
지원금
지원대책
지원사업
지원안
지위
지은이
지인
지인얘기
지자체
지장
지장줄장도
지적
지점
지정
지정생존자
지주사
지주사전환
지주회사
지중해
지지
지지jpg
지지것
지지대안당
지지도
지지부진
지지서명
지지율
지지율거
지지자
지지자분
지지통신
지진
지진피
지진희
지창욱
지출
지킨
지퍼락
지평선
지표
지하
지하방
지하벙커
지하수
지하실
지하실1
지하실2
지하실남자
지하주차장
지하철
지하철역
지형
지휘부
직거래
직경
직관
직구
직구것
직군
직권취소
직급
직면
직무
직배
직배시
직빵
직선
직선거리
직설화법ㅋ
직수
직수식
직업
직업윤리
직원
직원때매
직원분
직원빼
직장
직장동료
직장생활
직장인
직전
직접
직접봉사
직조
직책
직후
진거지
진건
진공포장
진급
진단
진단서
진달래
진담
진동
진동수
진료
진료거부
진료기록부
진료실
진료확인증
진범
진보
진보성향
진보세력
진보정당
진보진영
진상
진상규명
진선규
진실
진심
진심안심
진심안심우유
진압걸
진영
진위
진입
진입로
진입장벽
진전
진정
진정거
진제
진지댓글
진짜
진짜진짜
진출
진행
진행능력
진행중
진행터
진화
질감
질기
질문
질문글
질병
질병분류
질병코드
질수
질주
질주2
질투심
짐작
집값
집결
집계
집근처
집단
집밖
집사람
집사부일체
집사부일체팀
집서
집수리
집수리땜
집안
집앞
집에
집에때
집오늘밤
집유
집유각
집을때
집주인
집중
집중보
집중지역
집착
집필
집행
집행유예
집회
집회신
짓을한것
징계
징벌
징병
징병때
징역
징키스칸
짜이즈
짜장
짜장라면
짜증
짜증내
짜증네
짜파게티
짜파구리
짜피
짝사랑
짝짝
짝퉁
짝퉁소리
짠맛
짤방
짬밥차이
짬밥차이gif
짬뽕
짬이
짭수
짱x
짱긴
짱짱맨
짱짱짱
짲응
째구입
쩌구
쪽x리
쪽지
쫄보
쭐레
쯔위면
찌개
찌그레기
찌꺼기
찌라시
찜닭
차관급
차기
차기작
차긴
차단
차단jpg
차도
차래형
차량
차량용
차례
차별
차별행위
차비
차선
차선유지
차슈
차승원씨
차엽
차오역
차원
차이
차이팟
차지
차질
차체
차키
차타
차태현
차트
착각
착각것
착란증상
착륙
착륙선
착불
착색
착수
착시
착안
찬권
찬반
찬성
찬성jpg
찬스
찬양
찬호
찰나
참가
참고
참사
참석
참석자
참수리
참신
참여
참여정부
참의원
참이슬
참전
참조
찻잔
창가
창고
창고할인
창궐
창단
창당
창당지지
창동기지
창문
창병
창세기
창열
창원
창원시
창의력
창작자
창제
창조
창조주
창찬
창출
창피
채권
채권시장
채끝살
채널
채널ㅋ
채무상환
채반볼
채소
채원
채원이
채집
채택
채팅
채팅것
채팅안
책상
책임
책임감
책임보험
책임자
책정
책통법
챌린
챔스
챔피언
챔피언스
챕터
처가
처가집
처남
처리
처리터
처묵
처방
처벌
처벌전력
처분
처우
처음
처음재가동
처음집
처자
처제
처지
처치곤
처키
처형
처형설
척아
척추
천개
천국
천단위죠
천둥
천막경우
천만
천만원
천박
천방지축
천사
천안문
천엔
천연물화학
천오백만원
천원
천재
천정
천조국
천진난만
천진반
천차만별
천체
천추태후
천통때
천하통
철강업
철거
철기시대
철도업체
철면피
철분
철석
철수
철원
철자
철저
철폐
철학자
첨가향
첨보네
첨부
첨부파일
첨엔
첨이
첨이네
첩자
첫걸음
첫만남
첫방
첫방송
첫번
첫사랑
첫사랑은처음
첫인상
첫주
첫줄
첫째
첫째딸
첫차
첫화면jpg
청각
청각과민증
청구
청구할
청구할인
청년
청년기
청동걸
청동기
청량음료
청문회
청바지
청산
청소
청소기
청소년
청소부
청순
청약자격
청양고추
청와대
청원
청음한번
청장
청정원
청정지역
청주
청축
청춘
청취자
청하
체감
체감gif
체감온
체감중
체격
체계
체구
체념
체득
체력
체류
체르노빌
체리
체리축
체리트레일
체불
체스터
체온
체왜
체이스
체인지업
체제
체중
체질
체크
체크것
체크카드
체크카드1
체크해제
체포
체험
체화
초2
초고대국가
초과
초과시
초기
초기불량시
초년
초능력
초대
초대햇습
초등교사
초등아이
초등학교
초등학교때
초등학생
초래
초미풍
초반
초보
초보환영
초사이야인
초사이야인4
초사이어블루
초상화
초스피드
초심
초심자팩
초안
초여름
초원
초월
초음파
초이스
초인
초인종
초점
초조
초중반
초창기
초청
초청장
초청포럼
초콜렛
초콜릿
초토화
초필살
초합금
초훈남
촉각
촉감
촉매
촛불
총격
총경
총경승진
총괄
총괄실장
총괄표
총든
총력
총리
총명
총살
총생산
총선
총선승리
총수
총수가
총알
총액
총장
총체
총합
총화
촬영
촬영Spacecom
촬영인줄
촬영장
최강
최강돌연변이초능력자새.시즌미드예고편avi
최강칠우
최고
최고기온
최고사양
최고수준
최고위원
최고위원회의
최고인
최고인거
최고존엄
최곤
최귀화
최근
최다
최대
최대주주
최대한
최덕문
최루액
최만수
최배근
최상위
최서윤
최소
최소한
최소화
최수종씨
최순실
최신
최신드라이버
최신작
최악
최애
최애프로그램ㅠ
최영
최윤정
최재환
최저
최저가군요일단
최저임금
최저임금위원회
최저임금인상
최적
최정상
최종
최종국면
최창렬
최초
최초기민당
최평천
최하
최후
쵝오
추가
추가경정예산
추가등
추가요금
추가적립
추경
추경예산
추노만
추락
추론
추모
추모공
추모식
추모예배
추무
추방
추산
추세
추신수
추앙
추억
추억돋장면
추억소환
추억편
추적
추정
추정컨
추진
추진력
추징
추천
추천드
추천드립
추첨
추첨결
추첨기
추첨방법
추출
추측
축구
축구명
축구사이트
축구시즌
축구클럽
축구팀
축농증
축산물
축소
축적
축제
축하
축하모임
춘천
출간
출고
출고량
출국때
출근
출근길
출근때
출근시간
출근전
출근지
출도착
출동
출마
출발
출발시간
출범
출산
출산거
출생
출생아수
출석
출시
출시당시
출시예정
출시전
출신
출연
출연료
출연싸
출연작
출연진
출입금지
출장
출장간
출전
출지
출처
출퇴근
출퇴근길
출퇴근시간
출판
출항
출현
출혈경쟁
충격
충격감지
충격상쇄
충격파
충기
충기난사
충남
충돌
충돌설
충무로
충성
충성받기
충성심
충성충
충숙
충실
충전
충전기
충전량
충전상황
충전소
충전이외
충전중
충족
충주시
충청
충치
취객
취급
취득
취미
취미랑
취미생활
취뽀
취소
취소라
취소해주겟
취약
취약점
취업
취업비자
취업제한명령
취임
취임100일
취임이후
취재
취재진
취재환경
취지
취직
취침
취침시
취학전
취해본적
취향
측면
측은지심
측정
측정도구
측정할떄랑
치과
치네
치료
치료물질
치료비
치마
치마속바지
치마입을때
치매
치매설
치명
치볼
치석
치실
치아사
치안
치안정책과정
치약
치약오레오먹
치열
치욕
치유
치장
치즈
치킨
치킨집
치킨텐더
치트
치하
친구
친구글
친구나
친구네집
친구랑
친구상속문제
친구집
친남매
친목도모
친밀
친익척
친인척
친절
친정
친척
친환경
침구
침대
침략
침몰
침몰사고
침묵
침범
침수
침식
침입
침입자
침작
침투
침해
칭구
칭송
칭찬
칭찬일것
카누
카드
카드가마지막
카드깡
카드발급
카드사
카드신청
카드케이스
카드할
카레나
카렌바우어
카르텔
카를로스3세
카리스마
카마이타치
카메라
카메라워크
카멜레온
카모마일
카본
카센터
카셋테잎
카스테
카야노
카야농
카오
카오스
카와이
카운터
카운트다운
카이
카카로트
카카오
카카오M
카카오프렌즈
카테고리
카톡
카톡대화창
카톡차단
카트라이더
카페
카페놀이
카페인
카펫
카피
카피밴드
칼갈
칼국수
칼끝
칼날
칼럼
칼로무장
칼리스타님
칼부림
칼질
캐나
캐나다
캐논
캐드
캐드라
캐롤
캐리어
캐릭
캐릭터
캐릭파서
캐바
캐쉬템
캐스팅
캐시
캐시미어
캔맥
캘리포니아
캘린더
캠리
캠페인
캠프
캠핑
캡사
캡슐
캡슐선
캡처
캡틴마블
캬하나ㅏ핳
커널
커널형
커넥터
커떽
커리
커머스
커뮤니티
커뮤니티거
커뮤니티등
커뮤니티조사
커버
커버들이다
커보
커브
커브드
커즌즈
커튼
커티스
커팅
커플
커플중
커피
커피jpg
커피마시
커피머시
커피믹스
커피포트
컨디션
컨버터
컨버터블
컨벤션센터
컨설트
컨셉
컨슈머
컨텐츠
컨텐츠오
컨트롤
컬쳐니
컬쳐할인
컴백
컴터
컴팩트
컴퓨존
컴퓨터
컴퓨터과학
컴플레
컵라면
케릭터
케빈
케어
케이블
케이블TV
케이블가이
케이스
케이스충전
케이팝공장
케인
케찹
켄싱턴
켄터키
코골
코나급인거
코난
코넬대학
코드
코드리스
코드명
코디
코르셋
코리
코리아
코맹맹이
코멘트
코믹
코믹스
코믹엔딩
코스
코스입
코스트
코스트코
코스프레
코스프레하
코슷코
코앞
코어m3
코업
코엑스몰
코오롱
코인필요
코일
코칭
코카콜라
코크제
코팅
콘돔
콘서트
콘스탄틴
콘크리트
콜드
콜라
콜라겐
콜라광고
콜라대신
콜라보
콜로라도광산대
콜롬비아
콜옵
콩국수
콩기름
콩나물
콩스컬
콩이
콰트로치즈와퍼
쾌감
쿄혀
쿠나시르
쿠릴
쿠바
쿠스틱
쿠키영상
쿠팡
쿠페이
쿠폰
쿨FM
쿨러
쿨링팬
쿨매
쿨타임
쿼드
쿼드덱
퀄리티
퀄리티gif
퀄리티정도
퀄리파잉직후
퀄이
퀄컴
퀄컴칩
퀘스트
퀴즈
퀸자국
퀸흔적
큐비즘
크기
크라이
크라임
크람프
크래딧
크래쉬로얄
크레
크레딧
크레용팝
크로마
크로마키
크로미움
크로스
크로스플랫폼
크로아티아
크롬
크롬으로킨
크롬이
크루즈
크루즈선
크르아
크리스찬
크리스챤연합신문
크리스티아누
크리켓
크림
크흠
크흡
큰돈
큰맘
큰병원가보라함
큰소리
큰싸움
큰아들
큰악절
큰일
큰일날뻔
큰일날뻔ㅠㅠ
큰조카
큰차
큰타격우려중
클라스
클라우드
클라이막스
클라이언트
클래시
클래시오브클
클래식
클래식데이트
클량
클량분
클량인
클럽
클레보
클레임
클로즈업
클리안
클리앙
클리앙만
클리앙분
클리앙인
클리앙질
클릭
클릭감
클릭수
클린턴
클린토피아
클알
클알단
클킷이
클텐
키감
키노트
키다리
키보드
키스
키아누
키워드
키위
키유는거
키즈노트
키즈카페
키친타울
키친타월
키패드
키퍼스
킥보드
킥스탠드
킬링타임
킹기도
킹기도나중
킹날
킹덤
킹덤급
킹덤때
킹멸
킹스맨때
킹오브몬스터즈
킹오파
킹왕짱
타겟
타겟음
타격
타고새벽
타국
타국등
타는동안
타디치
타락
타민D3
타블렛
타악기
타운
타울
타율
타이
타이달
타이머
타이밍
타이탄
타이틀
타이틀거
타인
타임
타임라
타임스톤
타임즈
타입
타입커버
타자
타직종
타히시
탁상
탁주
탁치
탁현민
탄력
탄산
탄산수
탄산음료
탄성
탄수화물
탄자니아
탄지
탄핵
탄핵정국
탈것
탈때
탈락
탈모
탈색
탈색3번
탈워
탈의마작
탈일
탈출
탈취
탈퇴
탈환
탐구
탐독
탐사
탐사선
탐슨
탐험
탑승
탑승시작
탑재
탑층
탑티어모델
탕구리
탕수육
탕준
태국
태그
태극
태극기부대당
태닝
태도
태생
태스크포스
태아
태양
태양의호흡
태연
태왕사신기
태우
태자하
태조왕건
태풍
택1
택도
택배
택배문자jpg
택시
택시기사
택시업
탤런트
탬버린
탱커
탱크
탱크맨
탱크앞
탱크위
터TT
터널
터저
터전
터질정
터치
터치결제
터치바
터치패드
터칼
터키
터흠
턱받이
테네시주
테더링
테두리
테라스
테러
테러리즘
테레빈지
테마
테마파크
테벤지
테비
테스트
테스트라
테스트할겸
테슬라jpg
테어
테이블
테이프
테크
텍스트
텐신항
텐키레스
텐트
텐프
텔레그램
템포
토기
토끼
토끼인
토끼자랑
토대
토로
토론
토론배틀관전
토론자
토론토
토론토랑
토론토홈
토론회
토론회고
토르
토마스
토막
토목환경공학과
토박이
토사구패드
토스공동계좌
토양
토왜당
토요일
토이스토리
토착왜구
토착왜구당
토크쇼J
토트넘
토튼햄
톨킨
톰슨
톱거
톱뉴스타임
톱니
통계
통계수치
통과
통과시
통관완료
통근시간
통념
통돌
통산
통삼겹
통수
통수체계
통신
통신사
통역병
통용
통일
통일부
통일전선부장
통잠
통장
통제
통증
통지
통짜
통풍방석
통한
통합
통화
통화것
통화내용
통화녹음등
통화음질
통화품질
통화한적
퇴근
퇴근길
퇴근때
퇴근시간
퇴근이
퇴근전
퇴마
퇴역
퇴원후
퇴임
퇴장
퇴직
퇴직금
퇴진
퇴출
퇴치듯
투구
투기
투명
투병중
투사
투수
투시능력
투시력
투약
투어
투웨이
투입
투자
투쟁
투정
투척
투톱
투패스츠
투포환
투표
튀김
튀김옷
튜닝
튜브
튜토리얼
트라우마
트래킹
트랙
트랙볼
트랜스포머
트러블때문
트럭
트럼프
트럼프땡큐
트럼프이
트레이너
트레이싱
트레일러
트렌트
트로이
트로피
트루톤
트리
트리거
트리플
트리플팀
트릭
트림
트와이스
트위치
트위터
트위터리안
트윗
특가
특가데이때
특강
특고
특권
특권의식
특단
특별
특별공급
특별기능
특별점검
특색
특성
특수공무집행방해
특수공무집행방해치사
특수공무집행방해치사야
특시
특유
특이
특이점
특정
특정상품
특정상품을후쿠시마현
특종
특진
특집
특징
특촬물
특출
튼본인
티나
티내
티몬무료배송영
티비
티비보
티빙
티셔츠
티어
티저
티저영상
티켓
티켓양
티티
틴더
팀내
팀장
팁txt
팁게글
파격
파견
파견나
파견사무실
파괴
파괴공작
파도
파동
파드두
파란색
파란손
파문
파밍영상
파벌
파산
파산확정
파상
파세코
파손
파슬리
파악
파업
파열음
파워
파워랙
파워유닛
파워유닛업데이트
파워풀
파이
파이낸셜뉴스
파이널
파이프
파인테크
파일
파장
파크
파크Linkin
파텍필립
파트
파트너
파트너십
파트론
파트타임
파티
파티때
파파미
파폭
파훼법
판결
판관비
판권
판글
판단
판매
판매가격
판매것
판매량
판매량jpg
판매중
판사
판사출신
판새
판정
판타
판타지
팔꿈치
팔당취수장
팔리
팔링젤
팔불
팔자
팔지망
팔찌
팜.
팜유
팝음악
팝콘
패널토
패널티
패드
패드등
패러디물
패륜
패밀리
패배
패브릭
패션왕
패소
패소이후
패스
패스오브엑자
패스워드
패스트백
패스트볼
패스트트랙
패스트푸드점
패시브
패치
패치랑
패턴
패티
패혈증
팩트
팩트지
팩트체크
팩트체킹
팬덤
팬문화
팬속
팬시
팬싸
팬질때문
팬케
팬클럽
팬티
팬티라인
팽배
퍼듀대
퍼레이드
퍼레이드jpg
퍼센티지
퍼즐
퍼포먼스
펀드
펀치홀
펄스
펌업
펌웨어
페0나치
페0니즘
페널2명
페널중
페덱스
페드로
페라리
페르시안
페메
페미니스트
페미니즘
페미이슈
페미코인
페미혐오
페북
페스티벌
페어링
페어링후
페이
페이랑
페이백
페이스
페이스리프트
페이스북
페이지
페이지업
페이코
페트
페퍼민트
페헤이
펙트체킹
펜슬
펜티엄
펜플러스
편갈
편견이
편도
편러
편리
편리것
편법
편성
편안
편의
편의점
편인
편입
편지
편지글
편집
편집때
편집본
편집자
편집해
편차
편취
편향
평가
평가절상
평균
평균정
평등
평등성
평등의식
평등화
평론
평론가
평면해
평생
평소
평수
평양
평양행
평일
평점
평창
평타
평탄
평택
평택시
평화
폐공장
폐기
폐기요청
폐기처리
폐단
폐쇄
폐업
폐지
폐지안
폐해
폐혜
포기
포드
포럼
포로
포르노
포르쉐
포르투갈
포맷
포샵
포스터
포스터jpg
포스트
포스트잇
포스팅
포스팅후
포에버
포위
포유
포유류
포인트
포장
포차
포커스
포코
포크
포털
포털사이트
포테이토
포토사용기
포풍전야
포플릭스
포함
포함수업
포항
폭격
폭도
폭동
폭동봉기중
폭등
폭락
폭력
폭로
폭망
폭발
폭발사고jpg
폭식
폭염주의보
폭염특보
폭우
폭탄
폭파범
폭파사건
폭풍
폭풍우
폭행
폰X릭
폰보
폰이
폰트
폴더블폰
폴더폰
폴드
폴리프로필렌
폴아웃
폼페이오
퐁당퐁당
표류
표면
표명
표명글
표방
표본
표본오차
표본크기
표시
표절
표정
표준
표지논문
표집틀
표헌
표현
표현것
푸념
푸룬
푸른색상
푸색
푹수수
풀로드
풀바
풀버전
풀버전jpg
풀사이즈
풀셋
풀수
풀영상
풀이
풀테크
풀할
품격
품목
품절
품질
품질관리
풍경
풍납취수장
풍년
풍랑
풍량
풍량대비
풍력
풍력단지
풍력등
풍비박산
풍선껌
풍자
풍절음
풍조
풍차
퓨전사극
퓰리처상
프듀48
프랑스
프랑스네
프랜드
프랭키
프레스
프레스센터
프레시안
프레임
프레임부
프렌드
프로
프로3
프로그래머
프로그래밍
프로그램
프로그렘
프로덕츠
프로모션
프로세서
프로세스
프로야구
프로젝트
프로축구
프로튠
프로페셔널
프로펠러
프로포절
프로포폴
프론트
프리
프리도스
프리랜서
프리미어
프리미엄
프리미엄탭
프리스트Judas
프리시즌
프리퀄
프리퀸시
프린터
프사
프씨
플라스틱
플라시보
플래그십
플랜
플랜일경우
플랫폼
플러그
플러스
플레
플레이
플레이겸
플레이스
플레이오프
플레이중
플로팅
플롯
플리케이션
플마제
플스
플워치
플젝
플포
피가
피검사
피고
피고인
피곤
피곤제
피군
피난민
피난지역
피드
피드백
피떵
피로
피로감
피로한
피범벅
피부
피부관련
피부노화
피부암
피살
피서
피셜이
피스
피식
피식ㅎ
피신
피씨
피씨용
피아노
피오
피의자
피자
피자가게
피자박스
피자스쿨
피자스쿨간다
피자치즈
피지망
피지배자
피지컬
피처폰
피치
피칭
피카소
피카츄
피클
피티
피파
피파19
피폭
피폭것
피해
피해의식
피해자
픽셀
픽션
핀것
핀란드
핀번호
핀잔주
필기
필드
필라이트
필력
필름
필리핀
필링젤
필수
필수건물
필수군
필수요소
필연
필요
필요ㅠ
필요것
필요때
필요이상
필터
필터링
필통
핍밥
핍진
핍진성
핏기
핏대
핑계
핑계랍
핑클
핑클짱이
하2
하ㄴ아아
하급
하긴
하나
하나두개아
하나둘
하나인
하나정도
하남
하남점
하네다
하네용
하노이
하느님
하늘
하늘에희미
하단
하드
하드웨어
하드인스톨
하드케리
하디
하락
하락때
하락반영
하락세
하락중
하락폭
하루
하루만
하루아침
하루이틀
하루종일
하루키
하루하루
하룻밤
하류
하마세
하반기
하반신
하부
하부기관
하북
하성운
하신
하여수입금지
하우징
하원미
하이
하이랜드
하이마트
하이브리드라
하이엔드
하이패스카드
하인드
하일라이트
하층
하층민
하켄크로이츠
하켄크로이츠로
하트쉐이커
하판
하회
학계정설
학교
학교식당
학교앞
학력드립
학력위조
학생
학생sayeon
학술지
학습지
학원
학원강사
학익
학자
한ㅜ
한ㅡ
한가득
한가지
한강
한개
한거
한건지
한걸음
한것
한겨레
한겨례
한겨례문
한경
한경기
한계
한계단
한계요
한계점
한곡
한국
한국가짜뉴스세력과
한국경제
한국골퍼
한국관광객
한국기레
한국노래
한국당
한국대사관
한국드
한국드라마
한국말
한국명
한국뮤비
한국보건사회연구원
한국보수매체
한국빵
한국소주jpg
한국양돈수의사회장
한국어
한국어판
한국언론
한국역사
한국영화
한국음식
한국이름
한국인
한국전력
한국전력공사
한국제품
한국판
한국프레스센터
한국프로야구
한국화약
한군데
한글
한글설명서
한글이름
한글판
한김
한끼
한나라당
한남동
한남드립침
한남한남
한놈
한눈
한달
한달간
한달안
한달인줄
한대
한데
한도
한도시남자
한도액
한동안
한두개
한두명
한두번
한두푼
한둘
한때
한량
한마디
한마리
한명
한명일뿐
한문장
한미정상
한민족
한민호
한반도
한발짝
한방
한밭대학교
한번
한병단위
한분
한사람
한산도대첩
한상태
한선교
한선교의원
한선교자유한국당사무총장
한성
한성도
한성렬
한성컴퓨터
한센병
한소리
한순간
한숨
한시간
한시름
한신대
한알
한약
한영화
한옥
한우
한의사
한의사약사간호사물리치료사안경사
한의원가
한의학
한인여전
한입
한자
한자리
한잔
한장
한장한장
한적
한전
한정
한정판
한주
한주jpg
한줄
한줄요약
한줄요점
한지민
한쪽
한쪽눈
한쪽발
한참
한참동안
한참위
한창
한칸
한캔
한큐
한탄
한탕
한테
한통속
한통속사무실
한패
한편
한화
한화전
할꺼야
할매
할머니
할배
할상황
할수
할아버지
할위
할인
할인액
할인행사
할줄
할증
함정
합격
합계
합당
합동
합동점검
합리
합방
합방예고
합법
합본판
합산
합석보신분
합스부르크왕조
합심
합의
합판
핫때
핫식스
항거
항공
항공권
항구
항명
항모
항목
항소
항암
항암물질
항의
항의성명
항의안
해결
해결가능
해결시
해결책
해경gisa
해고
해군기지
해남전
해당
해당사
해당사항
해당시즌
해도
해드폰
해때문
해리케인
해명
해명글
해명부탁합
해법제시
해산
해상
해상교통사고
해상도
해상력
해석
해소
해쉬태그
해악
해안
해야
해양
해양구조대
해외
해외1편
해외가맹점
해외결제
해외결제수수료
해외여행
해외일시불
해외진출것
해외행사
해운대
해이세
해장국
해제
해제료
해준
해지
해질무렵
해체
해체이유
해축갤펌
해커
해킹
해피
해피엔딩
해학
핵심
핵심임
핵협정
핸드폰
핸드폰게임
핸즈프리
햄버거
햄보칼수
햄스트링
햇님
햇볕
햇빛
행군
행님
행동
행동것
행동요령
행렬
행방묘연
행보
행복
행사
행사랍
행사할일
행성
행세
행위
행위태양
행정
행정가처분신청
행정기구
행정부
행정소송
행정처분
행진
행태
향군
향기
향배
향상
향수
향신료
향연
향해Forever
향후
허가
허공
허구
허구라
허기
허락
허리
허무
허무맹
허물
허브
허브솔트
허블
허블망원경
허뿐
허샤이저
허세
허심탄회
허억
허용
허위
허위서류
허위여부
허점
허탈
헌신
헌재소장
헌정
헌정식
헌집줄
헐리식
헐리우드
헐리웃
헛짓
헝가리
헝가리시민
헝거리
헤드라인
헤드폰
헤비메탈
헤비유저
헥헥
헨더슨
헨리소사
헬기사격
헬던트
헬스장
헬스장jpg
헬싱키
헬이네
헬조선
혁명
혁신
현PD
현x해상
현금
현금카드
현기
현기차
현대
현대몰
현대중공업
현대차
현대카드
현란
현명
현상
현송월
현수막
현실
현실감
현실세계
현역
현역복무시절
현역판정률
현완
현웃
현자타임
현장
현장감
현재
현재로
현재진행형
현지
현지시간
현지인
현직
현질
현충일
현타
현행
현혹리
현황
현황jpg
혈구감소증
혈당
혈맹
혈압
혈투
혐오
혐오선동세력그자체
혐오정당
혐의
혐주
혐한
협력
협력사
협박
협박을
협상
협세계관
협약
협업
협의
협측
협회
혓바닥
형광등
형광봉
형사
형사12단독
형사14단독
형사4단독
형사처벌
형상
형성
형언수
형이상학
형제
형제jpg
형제끼리
형집
형체
형태
형편
혜성
혜안
혜자
혜택
호감
호감도
호갱노노
호구
호구계약
호구짓
호기심
호날
호남
호두과자
호랑이
호랑이형
호러
호매실
호박고구마
호불호
호소
호스
호스피스
호식
호언장담
호외
호우
호위
호위차량
호응
호의호식
호재
호전
호조
호주
호주국자
호주머니
호출
호치민
호크
호크기
호텔
호텔2박
호텔급
호텔신라
호평것
호피무늬
호환
호환마마
호황
호흡
혹몰
혹서기
혹성탈출
혹자
혹평
혼란
혼란중
혼맥
혼사
혼여
혼영
혼용
혼을것
혼인
혼자
혼자사
혼전
혼절
혼후순결
홀라
홈그라운드
홈버전
홈케
홈케어
홈페이지
홈플
홈플러스
홍경준
홍기준
홍대
홍보
홍보관
홍보대사
홍보러
홍보전화
홍수
홍순
홍씨
홍씨문예지
홍준표
홍진호
홍카X레오
홍카레오
홍카레오보얼마전김이브
홍카레오일것
홍카콜라
홍카콜라님
홍콩
홍합
화가
화날때
화두
화력
화로
화면
화면크기
화물
화보
화사
화산
화살표
화성
화연화
화염
화요병
화요일
화욜
화웨이
화유기
화이트
화이팅
화장실
화장품
화재
화제
화제성면
화질
화폐
화폐가치
화폐정책
화학
화학약품
화형
확고부동
확그마
확대
확대사진
확대샷
확률
확률형아이템
확보
확산
확신
확실
확올
확율
확인
확인국가채무
확인불가
확인전화
확인좀
확장
확정
확정포
확진
환경
환경단체
환경미화원
환경적
환구시보
환급금
환불
환불문제
환불요청
환산
환상
환송회
환승
환승역
환영
환웅
환율
환자
환자중
환장
환전
환전수수료
환호
활of황
활동
활동가
활동비
활동종료
활로
활성
활용
활용내부문건
활용도
황교안
황교안jpg
황금
황금장려상
황금종려상
황느
황선
황의조
황전도사
황제
황토쌈밥
회계
회계처리
회계팀
회고록
회귀
회담
회당
회동
회복
회복세
회사
회사가
회선가입
회수
회식
회원
회원과함
회원비난
회의
회의내
회의내용
회의록
회의론자
회의장
회의중
회자
회장
회전
회차
회포
회피
회피할수
회화
획득
횟수
횡단
횡단보도
횡령
횡포
효과
효과jpg
효과news
효과듯
효녀골퍼
효능
효도
효성
효용
효율
효자
횬이
후계자
후기
후기link
후기랄것
후기리그
후라이드
후랑크
후략
후리
후면강화유리
후반
후반대
후방
후배
후보
후생
후생노동
후생노동성
후생유전학및대사연구센터
후속
후속기사
후속지원
후손
후식
후아유
후우
후원
후원금
후원사건
후원사기행각
후원자
후원좀
후원회
후지큐
후쿠시마
후쿠시마공장
후쿠시마산
후쿠시마양품
후쿠시마현
후쿠오카
후토크
후퇴
후편집
후회
후회사관리자
후후
훈련
훈련소
훈련요법
훈장
훈훈
훼손
휠돌
휴가
휴간
휴거
휴게소
휴대
휴대용베터리
휴대폰
휴대품
휴리첼
휴식
휴식시간
휴양지
휴일
휴전선
휴전선방송
휴학
흉기
흉기난동
흉내
흐름
흑룡
흑인
흑자
흑점
흑표범거
흔적
흡수
흡연자
흡입중
흡착행거
흥미
흥민
흥분
흥행
흥행기록
흥행속도
희대
희롱
희망
희망사항
희생
희생자
희석식
희소식
희희낙낙만
흰색
흰색임다른쪽
히들스톤
히로
히트
히트런
힐링
힙합
